#
# A fatal error has been detected by the Java Runtime Environment:
#
#  SIGSEGV (0xb) at pc=0x0000003cb7e7cdfa, pid=10905, tid=139804470540032
#
# JRE version: 6.0_26-b03
# Java VM: Java HotSpot(TM) 64-Bit Server VM (20.1-b02 mixed mode linux-amd64 compressed oops)
# Problematic frame:
# C  [libGL.so.1+0x7cdfa]  XQueryExtension+0x7cdfa
#
# If you would like to submit a bug report, please visit:
#   http://java.sun.com/webapps/bugreport/crash.jsp
# The crash happened outside the Java Virtual Machine in native code.
# See problematic frame for where to report the bug.
#

---------------  T H R E A D  ---------------

Current thread (0x00007f27081e8000):  JavaThread "AWT-EventQueue-0" [_thread_in_native, id=10936, stack(0x00007f26c3bdf000,0x00007f26c3ce0000)]

siginfo:si_signo=SIGSEGV: si_errno=0, si_code=1 (SEGV_MAPERR), si_addr=0x0000000041edb000

Registers:
RAX=0x0000000041edb000, RBX=0x0000000000000000, RCX=0x0000000000000001, RDX=0x00007f26c35fe001
RSP=0x00007f26c3cdd870, RBP=0x00007f26b40dab98, RSI=0x0000000000000000, RDI=0x0000003cb80de020
R8 =0x0000003cb80fb1a0, R9 =0x0000000000002ab8, R10=0x00007f270c688b28, R11=0x0000000000000206
R12=0x0000003cb80de020, R13=0x00007f2708158d40, R14=0x0000003cb7e7b390, R15=0x0000000004600012
RIP=0x0000003cb7e7cdfa, EFLAGS=0x0000000000010202, CSGSFS=0x0000000000000033, ERR=0x0000000000000004
  TRAPNO=0x000000000000000e

Top of Stack: (sp=0x00007f26c3cdd870)
0x00007f26c3cdd870:   0000000005391801 000000000c68933e
0x00007f26c3cdd880:   0000000004600012 00000007d6821f00
0x00007f26c3cdd890:   0000000100000001 0000000000000000
0x00007f26c3cdd8a0:   0000000000000000 00007f26c3cdd908
0x00007f26c3cdd8b0:   000000077ded3a18 0000000000000000
0x00007f26c3cdd8c0:   000000077ded01c0 0000000000000000
0x00007f26c3cdd8d0:   00007f26c3cdd8f8 00007f26c3cdd950
0x00007f26c3cdd8e0:   00007f270c677a33 000000077e610208
0x00007f26c3cdd8f0:   00007f26c3cdd960 0000000000000000
0x00007f26c3cdd900:   000000077e610208 00007f26c3cdda30
0x00007f26c3cdd910:   00007f27081e8000 00007f26c345e3d7
0x00007f26c3cdd920:   00007f26c3cdd968 00007f26b40dab98
0x00007f26c3cdd930:   0000000004600012 00007f2708158d40
0x00007f26c3cdd940:   00007f26c3cdd9f8 00007f27081e81d0
0x00007f26c3cdd950:   00007f26c3cdd9b0 00007f270c677a33
0x00007f26c3cdd960:   00007f26c3cdd9e8 00007f270c688b55
0x00007f26c3cdd970:   00007f26c3cdd970 000000077e639eb5
0x00007f26c3cdd980:   00007f26c3cdd9c8 000000077e63ab80
0x00007f26c3cdd990:   0000000000000000 000000077e639ec0
0x00007f26c3cdd9a0:   0000000000000000 00007f26c3cdd9a8
0x00007f26c3cdd9b0:   0000000000000000 00007f26c3cdda30
0x00007f26c3cdd9c0:   000000077e61a330 0000000000000000
0x00007f26c3cdd9d0:   000000077e610208 0000000000000000
0x00007f26c3cdd9e0:   00007f26c3cdda08 00007f26c3cdda78
0x00007f26c3cdd9f0:   00007f270c6778da 000000077e6151f8
0x00007f26c3cdda00:   00007f270c684280 00007f26b40dab98
0x00007f26c3cdda10:   00007f26c3cdda78 0000000004600012
0x00007f26c3cdda20:   00000007d8a422a8 00007f2708158d40
0x00007f26c3cdda30:   00000007d8a422a8 00007f26c3cdda38
0x00007f26c3cdda40:   000000077e5edad6 00007f26c3cdda90
0x00007f26c3cdda50:   000000077e6723b0 0000000000000000
0x00007f26c3cdda60:   000000077e5edb78 00007f26c3cdda08 

Instructions: (pc=0x0000003cb7e7cdfa)
0x0000003cb7e7cdda:   8b 8d 7c 09 00 00 85 c9 0f 95 c2 4d 85 ff 0f 95
0x0000003cb7e7cdea:   c0 84 c2 74 21 48 8b 85 c0 09 00 00 48 8b 40 40
0x0000003cb7e7cdfa:   48 8b 00 f7 80 54 f7 03 00 00 00 01 5e 0f 85 92
0x0000003cb7e7ce0a:   04 00 00 0f 1f 00 4d 85 f6 0f 84 67 01 00 00 31 

Register to memory mapping:

RAX=0x0000000041edb000 is an unknown value
RBX=0x0000000000000000 is an unknown value
RCX=0x0000000000000001 is an unknown value
RDX=0x00007f26c35fe001 is an unknown value
RSP=0x00007f26c3cdd870 is pointing into the stack for thread: 0x00007f27081e8000
RBP=0x00007f26b40dab98 is an unknown value
RSI=0x0000000000000000 is an unknown value
RDI=0x0000003cb80de020: <offset 0x2de020> in /usr/lib64/nvidia/libGL.so.1 at 0x0000003cb7e00000
R8 =0x0000003cb80fb1a0: <offset 0x2fb1a0> in /usr/lib64/nvidia/libGL.so.1 at 0x0000003cb7e00000
R9 =0x0000000000002ab8 is an unknown value
R10=0x00007f270c688b28 is an Interpreter codelet
method entry point (kind = native)  [0x00007f270c688680, 0x00007f270c689480]  3584 bytes
R11=0x0000000000000206 is an unknown value
R12=0x0000003cb80de020: <offset 0x2de020> in /usr/lib64/nvidia/libGL.so.1 at 0x0000003cb7e00000
R13=0x00007f2708158d40 is an unknown value
R14=0x0000003cb7e7b390: <offset 0x7b390> in /usr/lib64/nvidia/libGL.so.1 at 0x0000003cb7e00000
R15=0x0000000004600012 is an unknown value


Stack: [0x00007f26c3bdf000,0x00007f26c3ce0000],  sp=0x00007f26c3cdd870,  free space=1018k
Native frames: (J=compiled Java code, j=interpreted, Vv=VM code, C=native code)
C  [libGL.so.1+0x7cdfa]  XQueryExtension+0x7cdfa

Java frames: (J=compiled Java code, j=interpreted, Vv=VM code)
j  com.sun.opengl.impl.x11.GLX.glXMakeCurrent(JJJ)Z+0
j  com.sun.opengl.impl.x11.X11GLContext.makeCurrentImpl()I+78
j  com.sun.opengl.impl.x11.X11OnscreenGLContext.makeCurrentImpl()I+32
j  com.sun.opengl.impl.GLContextImpl.makeCurrent()I+56
j  com.sun.opengl.impl.GLDrawableHelper.invokeGL(Ljavax/media/opengl/GLDrawable;Ljavax/media/opengl/GLContext;Ljava/lang/Runnable;Ljava/lang/Runnable;)V+308
j  javax.media.opengl.GLCanvas$DisplayOnEventDispatchThreadAction.run()V+35
j  java.awt.event.InvocationEvent.dispatch()V+11
j  java.awt.EventQueue.dispatchEventImpl(Ljava/awt/AWTEvent;Ljava/lang/Object;)V+21
j  java.awt.EventQueue.access$000(Ljava/awt/EventQueue;Ljava/awt/AWTEvent;Ljava/lang/Object;)V+3
j  java.awt.EventQueue$1.run()Ljava/lang/Void;+12
j  java.awt.EventQueue$1.run()Ljava/lang/Object;+1
v  ~StubRoutines::call_stub
j  java.security.AccessController.doPrivileged(Ljava/security/PrivilegedAction;Ljava/security/AccessControlContext;)Ljava/lang/Object;+0
j  java.security.AccessControlContext$1.doIntersectionPrivilege(Ljava/security/PrivilegedAction;Ljava/security/AccessControlContext;Ljava/security/AccessControlContext;)Ljava/lang/Object;+28
j  java.awt.EventQueue.dispatchEvent(Ljava/awt/AWTEvent;)V+46
j  java.awt.EventDispatchThread.pumpOneEventForFilters(I)Z+204
j  java.awt.EventDispatchThread.pumpEventsForFilter(ILjava/awt/Conditional;Ljava/awt/EventFilter;)V+30
j  java.awt.EventDispatchThread.pumpEventsForHierarchy(ILjava/awt/Conditional;Ljava/awt/Component;)V+11
j  java.awt.EventDispatchThread.pumpEvents(ILjava/awt/Conditional;)V+4
j  java.awt.EventDispatchThread.pumpEvents(Ljava/awt/Conditional;)V+3
j  java.awt.EventDispatchThread.run()V+9
v  ~StubRoutines::call_stub

---------------  P R O C E S S  ---------------

Java Threads: ( => current thread )
  0x00007f26d8001800 JavaThread "XToolkit-Shutdown-Thread" [_thread_blocked, id=10956, stack(0x00007f26c15bc000,0x00007f26c16bd000)]
  0x00007f26dc001000 JavaThread "SIGTERM handler" daemon [_thread_blocked, id=10955, stack(0x00007f2700ac3000,0x00007f2700bc4000)]
  0x00007f2708008800 JavaThread "DestroyJavaVM" [_thread_blocked, id=10908, stack(0x00007f270fc3b000,0x00007f270fd3c000)]
  0x00007f26b40d2800 JavaThread "Thread-1" [_thread_blocked, id=10941, stack(0x00007f26c1e52000,0x00007f26c1f53000)]
=>0x00007f27081e8000 JavaThread "AWT-EventQueue-0" [_thread_in_native, id=10936, stack(0x00007f26c3bdf000,0x00007f26c3ce0000)]
  0x00007f27081e6800 JavaThread "AWT-Shutdown" [_thread_blocked, id=10935, stack(0x00007f26c3ce0000,0x00007f26c3de1000)]
  0x00007f27081e5000 JavaThread "AWT-XAWT" daemon [_thread_blocked, id=10934, stack(0x00007f2700002000,0x00007f2700103000)]
  0x00007f2708188000 JavaThread "Java2D Disposer" daemon [_thread_blocked, id=10933, stack(0x00007f2700103000,0x00007f2700204000)]
  0x00007f27080a1800 JavaThread "Low Memory Detector" daemon [_thread_blocked, id=10931, stack(0x00007f27007c0000,0x00007f27008c1000)]
  0x00007f270809f800 JavaThread "C2 CompilerThread1" daemon [_thread_blocked, id=10930, stack(0x00007f27008c1000,0x00007f27009c2000)]
  0x00007f270809d000 JavaThread "C2 CompilerThread0" daemon [_thread_blocked, id=10929, stack(0x00007f27009c2000,0x00007f2700ac3000)]
  0x00007f270809a800 JavaThread "JDWP Event Helper Thread" daemon [_thread_blocked, id=10922, stack(0x00007f2700bc4000,0x00007f2700cc5000)]
  0x00007f2708097000 JavaThread "JDWP Transport Listener: dt_socket" daemon [_thread_in_native, id=10921, stack(0x00007f2700cc5000,0x00007f2700dc6000)]
  0x00007f270808a000 JavaThread "Signal Dispatcher" daemon [_thread_blocked, id=10919, stack(0x00007f2701130000,0x00007f2701231000)]
  0x00007f270806e800 JavaThread "Finalizer" daemon [_thread_blocked, id=10918, stack(0x00007f2701231000,0x00007f2701332000)]
  0x00007f270806c800 JavaThread "Reference Handler" daemon [_thread_blocked, id=10917, stack(0x00007f2701332000,0x00007f2701433000)]

Other Threads:
  0x00007f2708066000 VMThread [stack: 0x00007f2701433000,0x00007f2701534000] [id=10916]
  0x00007f27080ac800 WatcherThread [stack: 0x00007f27006bf000,0x00007f27007c0000] [id=10932]

VM state:not at safepoint (normal execution)

VM Mutex/Monitor currently owned by a thread: None

Heap
 PSYoungGen      total 37312K, used 7964K [0x00000007d6560000, 0x00000007d8f00000, 0x0000000800000000)
  eden space 32000K, 13% used [0x00000007d6560000,0x00000007d6990b08,0x00000007d84a0000)
  from space 5312K, 69% used [0x00000007d89d0000,0x00000007d8d667f8,0x00000007d8f00000)
  to   space 5312K, 0% used [0x00000007d84a0000,0x00000007d84a0000,0x00000007d89d0000)
 PSOldGen        total 85312K, used 0K [0x0000000783000000, 0x0000000788350000, 0x00000007d6560000)
  object space 85312K, 0% used [0x0000000783000000,0x0000000783000000,0x0000000788350000)
 PSPermGen       total 21248K, used 17770K [0x000000077de00000, 0x000000077f2c0000, 0x0000000783000000)
  object space 21248K, 83% used [0x000000077de00000,0x000000077ef5aa38,0x000000077f2c0000)

Code Cache  [0x00007f270c672000, 0x00007f270c8e2000, 0x00007f270f672000)
 total_blobs=868 nmethods=154 adapters=676 free_code_cache=49227456 largest_free_block=12544

Dynamic libraries:
40000000-40009000 r-xp 00000000 fd:00 7602320                            /usr/java/jdk1.6.0_26/bin/java
40108000-4010a000 rwxp 00008000 fd:00 7602320                            /usr/java/jdk1.6.0_26/bin/java
41c27000-41c48000 rwxp 00000000 00:00 0                                  [heap]
77de00000-77f2c0000 rwxp 00000000 00:00 0 
77f2c0000-783000000 rwxp 00000000 00:00 0 
783000000-788350000 rwxp 00000000 00:00 0 
788350000-7d6560000 rwxp 00000000 00:00 0 
7d6560000-7d8f00000 rwxp 00000000 00:00 0 
7d8f00000-800000000 rwxp 00000000 00:00 0 
32f5200000-32f5261000 r-xp 00000000 fd:00 264308                         /usr/lib64/libsndfile.so.1.0.25
32f5261000-32f5461000 ---p 00061000 fd:00 264308                         /usr/lib64/libsndfile.so.1.0.25
32f5461000-32f5464000 rwxp 00061000 fd:00 264308                         /usr/lib64/libsndfile.so.1.0.25
32f5464000-32f5468000 rwxp 00000000 00:00 0 
337ec00000-337ec16000 r-xp 00000000 fd:00 1311                           /lib64/libnsl-2.13.so
337ec16000-337ee15000 ---p 00016000 fd:00 1311                           /lib64/libnsl-2.13.so
337ee15000-337ee16000 r-xp 00015000 fd:00 1311                           /lib64/libnsl-2.13.so
337ee16000-337ee17000 rwxp 00016000 fd:00 1311                           /lib64/libnsl-2.13.so
337ee17000-337ee19000 rwxp 00000000 00:00 0 
33cb200000-33cb205000 r-xp 00000000 fd:00 265316                         /usr/lib64/libasyncns.so.0.3.1
33cb205000-33cb404000 ---p 00005000 fd:00 265316                         /usr/lib64/libasyncns.so.0.3.1
33cb404000-33cb405000 rwxp 00004000 fd:00 265316                         /usr/lib64/libasyncns.so.0.3.1
33cb600000-33cb64e000 r-xp 00000000 fd:00 268994                         /usr/lib64/libpulsecommon-0.9.21.so
33cb64e000-33cb84d000 ---p 0004e000 fd:00 268994                         /usr/lib64/libpulsecommon-0.9.21.so
33cb84d000-33cb84f000 rwxp 0004d000 fd:00 268994                         /usr/lib64/libpulsecommon-0.9.21.so
33cba00000-33cba08000 r-xp 00000000 fd:00 1920                           /lib64/libwrap.so.0.7.6
33cba08000-33cbc08000 ---p 00008000 fd:00 1920                           /lib64/libwrap.so.0.7.6
33cbc08000-33cbc09000 rwxp 00008000 fd:00 1920                           /lib64/libwrap.so.0.7.6
33cbc09000-33cbc0a000 rwxp 00000000 00:00 0 
33cc200000-33cc241000 r-xp 00000000 fd:00 268426                         /usr/lib64/libpulse.so.0.12.2
33cc241000-33cc440000 ---p 00041000 fd:00 268426                         /usr/lib64/libpulse.so.0.12.2
33cc440000-33cc442000 rwxp 00040000 fd:00 268426                         /usr/lib64/libpulse.so.0.12.2
373ce00000-373ce1f000 r-xp 00000000 fd:00 580                            /lib64/ld-2.13.so
373d01e000-373d01f000 r-xp 0001e000 fd:00 580                            /lib64/ld-2.13.so
373d01f000-373d020000 rwxp 0001f000 fd:00 580                            /lib64/ld-2.13.so
373d020000-373d021000 rwxp 00000000 00:00 0 
373d200000-373d391000 r-xp 00000000 fd:00 2988                           /lib64/libc-2.13.so
373d391000-373d591000 ---p 00191000 fd:00 2988                           /lib64/libc-2.13.so
373d591000-373d595000 r-xp 00191000 fd:00 2988                           /lib64/libc-2.13.so
373d595000-373d596000 rwxp 00195000 fd:00 2988                           /lib64/libc-2.13.so
373d596000-373d59c000 rwxp 00000000 00:00 0 
373d600000-373d684000 r-xp 00000000 fd:00 3099                           /lib64/libm-2.13.so
373d684000-373d883000 ---p 00084000 fd:00 3099                           /lib64/libm-2.13.so
373d883000-373d884000 r-xp 00083000 fd:00 3099                           /lib64/libm-2.13.so
373d884000-373d885000 rwxp 00084000 fd:00 3099                           /lib64/libm-2.13.so
373da00000-373da17000 r-xp 00000000 fd:00 3068                           /lib64/libpthread-2.13.so
373da17000-373dc16000 ---p 00017000 fd:00 3068                           /lib64/libpthread-2.13.so
373dc16000-373dc17000 r-xp 00016000 fd:00 3068                           /lib64/libpthread-2.13.so
373dc17000-373dc18000 rwxp 00017000 fd:00 3068                           /lib64/libpthread-2.13.so
373dc18000-373dc1c000 rwxp 00000000 00:00 0 
373de00000-373de02000 r-xp 00000000 fd:00 3080                           /lib64/libdl-2.13.so
373de02000-373e002000 ---p 00002000 fd:00 3080                           /lib64/libdl-2.13.so
373e002000-373e003000 r-xp 00002000 fd:00 3080                           /lib64/libdl-2.13.so
373e003000-373e004000 rwxp 00003000 fd:00 3080                           /lib64/libdl-2.13.so
373e200000-373e215000 r-xp 00000000 fd:00 3103                           /lib64/libgcc_s-4.5.1-20100924.so.1
373e215000-373e414000 ---p 00015000 fd:00 3103                           /lib64/libgcc_s-4.5.1-20100924.so.1
373e414000-373e415000 rwxp 00014000 fd:00 3103                           /lib64/libgcc_s-4.5.1-20100924.so.1
373e600000-373e607000 r-xp 00000000 fd:00 3069                           /lib64/librt-2.13.so
373e607000-373e806000 ---p 00007000 fd:00 3069                           /lib64/librt-2.13.so
373e806000-373e807000 r-xp 00006000 fd:00 3069                           /lib64/librt-2.13.so
373e807000-373e808000 rwxp 00007000 fd:00 3069                           /lib64/librt-2.13.so
373f600000-373f617000 r-xp 00000000 fd:00 3568                           /lib64/libresolv-2.13.so
373f617000-373f816000 ---p 00017000 fd:00 3568                           /lib64/libresolv-2.13.so
373f816000-373f817000 r-xp 00016000 fd:00 3568                           /lib64/libresolv-2.13.so
373f817000-373f818000 rwxp 00017000 fd:00 3568                           /lib64/libresolv-2.13.so
373f818000-373f81a000 rwxp 00000000 00:00 0 
3740600000-374061b000 r-xp 00000000 fd:00 270796                         /usr/lib64/libxcb.so.1.1.0
374061b000-374081a000 ---p 0001b000 fd:00 270796                         /usr/lib64/libxcb.so.1.1.0
374081a000-374081b000 rwxp 0001a000 fd:00 270796                         /usr/lib64/libxcb.so.1.1.0
3740a00000-3740b39000 r-xp 00000000 fd:00 270797                         /usr/lib64/libX11.so.6.3.0
3740b39000-3740d39000 ---p 00139000 fd:00 270797                         /usr/lib64/libX11.so.6.3.0
3740d39000-3740d3f000 rwxp 00139000 fd:00 270797                         /usr/lib64/libX11.so.6.3.0
3740e00000-3740e02000 r-xp 00000000 fd:00 270795                         /usr/lib64/libXau.so.6.0.0
3740e02000-3741002000 ---p 00002000 fd:00 270795                         /usr/lib64/libXau.so.6.0.0
3741002000-3741003000 rwxp 00002000 fd:00 270795                         /usr/lib64/libXau.so.6.0.0
3741a00000-3741a11000 r-xp 00000000 fd:00 270803                         /usr/lib64/libXext.so.6.4.0
3741a11000-3741c11000 ---p 00011000 fd:00 270803                         /usr/lib64/libXext.so.6.4.0
3741c11000-3741c12000 rwxp 00011000 fd:00 270803                         /usr/lib64/libXext.so.6.4.0
3742e00000-3742ee8000 r-xp 00000000 fd:00 270815                         /usr/lib64/libstdc++.so.6.0.14
3742ee8000-37430e8000 ---p 000e8000 fd:00 270815                         /usr/lib64/libstdc++.so.6.0.14
37430e8000-37430f0000 r-xp 000e8000 fd:00 270815                         /usr/lib64/libstdc++.so.6.0.14
37430f0000-37430f2000 rwxp 000f0000 fd:00 270815                         /usr/lib64/libstdc++.so.6.0.14
37430f2000-3743107000 rwxp 00000000 00:00 0 
3743200000-374320f000 r-xp 00000000 fd:00 270805                         /usr/lib64/libXi.so.6.1.0
374320f000-374340e000 ---p 0000f000 fd:00 270805                         /usr/lib64/libXi.so.6.1.0
374340e000-374340f000 rwxp 0000e000 fd:00 270805                         /usr/lib64/libXi.so.6.1.0
3743600000-3743609000 r-xp 00000000 fd:00 270798                         /usr/lib64/libXrender.so.1.3.0
3743609000-3743809000 ---p 00009000 fd:00 270798                         /usr/lib64/libXrender.so.1.3.0
3743809000-374380a000 rwxp 00009000 fd:00 270798                         /usr/lib64/libXrender.so.1.3.0
3743a00000-3743a05000 r-xp 00000000 fd:00 270807                         /usr/lib64/libXfixes.so.3.1.0
3743a05000-3743c04000 ---p 00005000 fd:00 270807                         /usr/lib64/libXfixes.so.3.1.0
3743c04000-3743c05000 rwxp 00004000 fd:00 270807                         /usr/lib64/libXfixes.so.3.1.0
3743e00000-3743e09000 r-xp 00000000 fd:00 270808                         /usr/lib64/libXcursor.so.1.0.2
3743e09000-3744009000 ---p 00009000 fd:00 270808                         /usr/lib64/libXcursor.so.1.0.2
3744009000-374400a000 rwxp 00009000 fd:00 270808                         /usr/lib64/libXcursor.so.1.0.2
3744600000-3744608000 r-xp 00000000 fd:00 270806                         /usr/lib64/libXrandr.so.2.2.0
3744608000-3744807000 ---p 00008000 fd:00 270806                         /usr/lib64/libXrandr.so.2.2.0
3744807000-3744808000 rwxp 00007000 fd:00 270806                         /usr/lib64/libXrandr.so.2.2.0
3744a00000-3744a04000 r-xp 00000000 fd:00 3571                           /lib64/libuuid.so.1.3.0
3744a04000-3744c03000 ---p 00004000 fd:00 3571                           /lib64/libuuid.so.1.3.0
3744c03000-3744c04000 rwxp 00003000 fd:00 3571                           /lib64/libuuid.so.1.3.0
3747600000-3747605000 r-xp 00000000 fd:00 270878                         /usr/lib64/libXxf86vm.so.1.0.0
3747605000-3747804000 ---p 00005000 fd:00 270878                         /usr/lib64/libXxf86vm.so.1.0.0
3747804000-3747805000 rwxp 00004000 fd:00 270878                         /usr/lib64/libXxf86vm.so.1.0.0
3749e00000-3749e17000 r-xp 00000000 fd:00 267860                         /usr/lib64/libICE.so.6.3.0
3749e17000-374a017000 ---p 00017000 fd:00 267860                         /usr/lib64/libICE.so.6.3.0
374a017000-374a018000 rwxp 00017000 fd:00 267860                         /usr/lib64/libICE.so.6.3.0
374a018000-374a01c000 rwxp 00000000 00:00 0 
374a600000-374a607000 r-xp 00000000 fd:00 270818                         /usr/lib64/libSM.so.6.0.0
374a607000-374a807000 ---p 00007000 fd:00 270818                         /usr/lib64/libSM.so.6.0.0
374a807000-374a808000 rwxp 00007000 fd:00 270818                         /usr/lib64/libSM.so.6.0.0
374c600000-374c605000 r-xp 00000000 fd:00 270837                         /usr/lib64/libXtst.so.6.1.0
374c605000-374c805000 ---p 00005000 fd:00 270837                         /usr/lib64/libXtst.so.6.1.0
374c805000-374c806000 rwxp 00005000 fd:00 270837                         /usr/lib64/libXtst.so.6.1.0
374d200000-374d4b3000 r-xp 00000000 fd:00 270841                         /usr/lib64/libvorbisenc.so.2.0.7
374d4b3000-374d6b2000 ---p 002b3000 fd:00 270841                         /usr/lib64/libvorbisenc.so.2.0.7
374d6b2000-374d6ce000 rwxp 002b2000 fd:00 270841                         /usr/lib64/libvorbisenc.so.2.0.7
374ee00000-374ee05000 r-xp 00000000 fd:00 270838                         /usr/lib64/libogg.so.0.7.0
374ee05000-374f004000 ---p 00005000 fd:00 270838                         /usr/lib64/libogg.so.0.7.0
374f004000-374f005000 rwxp 00004000 fd:00 270838                         /usr/lib64/libogg.so.0.7.0
374f600000-374f62b000 r-xp 00000000 fd:00 270840                         /usr/lib64/libvorbis.so.0.4.4
374f62b000-374f82b000 ---p 0002b000 fd:00 270840                         /usr/lib64/libvorbis.so.0.4.4
374f82b000-374f82c000 rwxp 0002b000 fd:00 270840                         /usr/lib64/libvorbis.so.0.4.4
3751e00000-3751e39000 r-xp 00000000 fd:00 270839                         /usr/lib64/libFLAC.so.8.2.0
3751e39000-3752038000 ---p 00039000 fd:00 270839                         /usr/lib64/libFLAC.so.8.2.0
3752038000-375203a000 rwxp 00038000 fd:00 270839                         /usr/lib64/libFLAC.so.8.2.0
3a1b600000-3a1b643000 r-xp 00000000 fd:00 3781                           /lib64/libdbus-1.so.3.5.2
3a1b643000-3a1b842000 ---p 00043000 fd:00 3781                           /lib64/libdbus-1.so.3.5.2
3a1b842000-3a1b843000 r-xp 00042000 fd:00 3781                           /lib64/libdbus-1.so.3.5.2
3a1b843000-3a1b844000 rwxp 00043000 fd:00 3781                           /lib64/libdbus-1.so.3.5.2
3cb5e00000-3cb73f4000 r-xp 00000000 fd:00 3932348                        /usr/lib64/nvidia/libnvidia-glcore.so.280.13
3cb73f4000-3cb75f3000 ---p 015f4000 fd:00 3932348                        /usr/lib64/nvidia/libnvidia-glcore.so.280.13
3cb75f3000-3cb7c32000 rwxp 015f3000 fd:00 3932348                        /usr/lib64/nvidia/libnvidia-glcore.so.280.13
3cb7c32000-3cb7c4c000 rwxp 00000000 00:00 0 
3cb7e00000-3cb7ec1000 r-xp 00000000 fd:00 3932450                        /usr/lib64/nvidia/libGL.so.280.13
3cb7ec1000-3cb80c0000 ---p 000c1000 fd:00 3932450                        /usr/lib64/nvidia/libGL.so.280.13
3cb80c0000-3cb80fb000 rwxp 000c0000 fd:00 3932450                        /usr/lib64/nvidia/libGL.so.280.13
3cb80fb000-3cb8111000 rwxp 00000000 00:00 0 
3cb8200000-3cb8203000 r-xp 00000000 fd:00 3932327                        /usr/lib64/nvidia/tls/libnvidia-tls.so.280.13
3cb8203000-3cb8402000 ---p 00003000 fd:00 3932327                        /usr/lib64/nvidia/tls/libnvidia-tls.so.280.13
3cb8402000-3cb8403000 rwxp 00002000 fd:00 3932327                        /usr/lib64/nvidia/tls/libnvidia-tls.so.280.13
7f2694000000-7f2694021000 rwxp 00000000 00:00 0 
7f2694021000-7f2698000000 ---p 00000000 00:00 0 
7f2698000000-7f2698021000 rwxp 00000000 00:00 0 
7f2698021000-7f269c000000 ---p 00000000 00:00 0 
7f269c000000-7f269c021000 rwxp 00000000 00:00 0 
7f269c021000-7f26a0000000 ---p 00000000 00:00 0 
7f26a0000000-7f26a0021000 rwxp 00000000 00:00 0 
7f26a0021000-7f26a4000000 ---p 00000000 00:00 0 
7f26a4000000-7f26a4021000 rwxp 00000000 00:00 0 
7f26a4021000-7f26a8000000 ---p 00000000 00:00 0 
7f26abfff000-7f26b0000000 rwxs 00000000 00:10 797555                     /dev/shm/pulse-shm-2307313039
7f26b0000000-7f26b0021000 rwxp 00000000 00:00 0 
7f26b0021000-7f26b4000000 ---p 00000000 00:00 0 
7f26b4000000-7f26b4a46000 rwxp 00000000 00:00 0 
7f26b4a46000-7f26b8000000 ---p 00000000 00:00 0 
7f26b8000000-7f26b8021000 rwxp 00000000 00:00 0 
7f26b8021000-7f26bc000000 ---p 00000000 00:00 0 
7f26bc000000-7f26bc021000 rwxp 00000000 00:00 0 
7f26bc021000-7f26c0000000 ---p 00000000 00:00 0 
7f26c14bb000-7f26c14be000 ---p 00000000 00:00 0 
7f26c14be000-7f26c15bc000 rwxp 00000000 00:00 0 
7f26c15bc000-7f26c15bf000 ---p 00000000 00:00 0 
7f26c15bf000-7f26c16bd000 rwxp 00000000 00:00 0 
7f26c16bd000-7f26c1892000 rwxs 00000000 00:04 15007770                   /SYSV00000000 (deleted)
7f26c1892000-7f26c1893000 r-xs 00006000 fd:00 1185360                    /opt/eclipse/plugins/org.hamcrest.core_1.1.0.v20090501071000.jar
7f26c1893000-7f26c1899000 r-xs 00030000 fd:00 1185454                    /opt/eclipse/plugins/org.junit_4.8.1.v4_8_1_v20100427-1100/junit.jar
7f26c1899000-7f26c1999000 rwxs 13e898000 00:05 13605                     /dev/nvidia0
7f26c1999000-7f26c1a99000 rwxs 1b198a000 00:05 13605                     /dev/nvidia0
7f26c1a99000-7f26c1aaa000 r-xs 0006f000 fd:00 11931834                   /home/narfman0/workspace/crittercaptors/crittercaptors/libs/gdx-model-loaders.jar
7f26c1aac000-7f26c1cac000 rwxs 2133ed000 00:05 13605                     /dev/nvidia0
7f26c1cac000-7f26c1dac000 rwxs 227de5000 00:05 13605                     /dev/nvidia0
7f26c1dac000-7f26c1db0000 rwxs 1b18f9000 00:05 13605                     /dev/nvidia0
7f26c1db0000-7f26c1db1000 rwxs d0002000 00:05 13605                      /dev/nvidia0
7f26c1db1000-7f26c1db2000 rwxs fac08000 00:05 13605                      /dev/nvidia0
7f26c1db2000-7f26c1df2000 rwxs 128b16000 00:05 13605                     /dev/nvidia0
7f26c1e12000-7f26c1e52000 rwxs 1b192e000 00:05 13605                     /dev/nvidia0
7f26c1e52000-7f26c1e55000 ---p 00000000 00:00 0 
7f26c1e55000-7f26c1f53000 rwxp 00000000 00:00 0 
7f26c1f53000-7f26c1f54000 ---p 00000000 00:00 0 
7f26c1f54000-7f26c2754000 rwxp 00000000 00:00 0 
7f26c2754000-7f26c2755000 ---p 00000000 00:00 0 
7f26c2755000-7f26c2f55000 rwxp 00000000 00:00 0 
7f26c2f55000-7f26c2fa1000 r-xp 00000000 fd:00 3928                       /tmp/libgdx/1206393098/libopenal64.so
7f26c2fa1000-7f26c31a1000 ---p 0004c000 fd:00 3928                       /tmp/libgdx/1206393098/libopenal64.so
7f26c31a1000-7f26c31a3000 r-xp 0004c000 fd:00 3928                       /tmp/libgdx/1206393098/libopenal64.so
7f26c31a3000-7f26c31a4000 rwxp 0004e000 fd:00 3928                       /tmp/libgdx/1206393098/libopenal64.so
7f26c31a4000-7f26c31a5000 rwxp 00000000 00:00 0 
7f26c31a5000-7f26c320b000 r-xp 00000000 fd:00 3929                       /tmp/libgdx/1206393098/liblwjgl64.so
7f26c320b000-7f26c340b000 ---p 00066000 fd:00 3929                       /tmp/libgdx/1206393098/liblwjgl64.so
7f26c340b000-7f26c340d000 r-xp 00066000 fd:00 3929                       /tmp/libgdx/1206393098/liblwjgl64.so
7f26c340d000-7f26c340e000 rwxp 00068000 fd:00 3929                       /tmp/libgdx/1206393098/liblwjgl64.so
7f26c340e000-7f26c34fd000 r-xp 00000000 fd:00 3927                       /tmp/libgdx/1206393098/libjogl-linux64.so
7f26c34fd000-7f26c35fd000 ---p 000ef000 fd:00 3927                       /tmp/libgdx/1206393098/libjogl-linux64.so
7f26c35fd000-7f26c35fe000 rwxp 000ef000 fd:00 3927                       /tmp/libgdx/1206393098/libjogl-linux64.so
7f26c35fe000-7f26c3637000 rwxp 00000000 00:00 0 
7f26c3637000-7f26c3638000 r-xp 00000000 fd:00 7736289                    /usr/java/jdk1.6.0_26/jre/lib/amd64/libjawt.so
7f26c3638000-7f26c3737000 ---p 00001000 fd:00 7736289                    /usr/java/jdk1.6.0_26/jre/lib/amd64/libjawt.so
7f26c3737000-7f26c3738000 rwxp 00000000 fd:00 7736289                    /usr/java/jdk1.6.0_26/jre/lib/amd64/libjawt.so
7f26c3738000-7f26c3739000 rwxs 1b18f8000 00:05 13605                     /dev/nvidia0
7f26c3739000-7f26c373d000 rwxs 113956000 00:05 13605                     /dev/nvidia0
7f26c373d000-7f26c375d000 rwxs 13e89d000 00:05 13605                     /dev/nvidia0
7f26c375d000-7f26c375f000 r-xp 00000000 fd:00 3926                       /tmp/libgdx/1206393098/libjogl_awt-linux64.so
7f26c375f000-7f26c385e000 ---p 00002000 fd:00 3926                       /tmp/libgdx/1206393098/libjogl_awt-linux64.so
7f26c385e000-7f26c385f000 rwxp 00001000 fd:00 3926                       /tmp/libgdx/1206393098/libjogl_awt-linux64.so
7f26c385f000-7f26c3860000 r-xp 00000000 fd:00 3925                       /tmp/libgdx/1206393098/libgluegen-rt-linux64.so
7f26c3860000-7f26c395f000 ---p 00001000 fd:00 3925                       /tmp/libgdx/1206393098/libgluegen-rt-linux64.so
7f26c395f000-7f26c3960000 rwxp 00000000 fd:00 3925                       /tmp/libgdx/1206393098/libgluegen-rt-linux64.so
7f26c3960000-7f26c39dc000 r-xp 00000000 fd:00 3923                       /tmp/libgdx/1206393098/libgdx64.so
7f26c39dc000-7f26c3bdb000 ---p 0007c000 fd:00 3923                       /tmp/libgdx/1206393098/libgdx64.so
7f26c3bdb000-7f26c3bdd000 r-xp 0007b000 fd:00 3923                       /tmp/libgdx/1206393098/libgdx64.so
7f26c3bdd000-7f26c3bde000 rwxp 0007d000 fd:00 3923                       /tmp/libgdx/1206393098/libgdx64.so
7f26c3bde000-7f26c3bdf000 rwxp 00000000 00:00 0 
7f26c3bdf000-7f26c3be2000 ---p 00000000 00:00 0 
7f26c3be2000-7f26c3ce0000 rwxp 00000000 00:00 0 
7f26c3ce0000-7f26c3ce3000 ---p 00000000 00:00 0 
7f26c3ce3000-7f26c3de1000 rwxp 00000000 00:00 0 
7f26c3de1000-7f26c3de8000 r-xp 00000000 fd:00 7736300                    /usr/java/jdk1.6.0_26/jre/lib/amd64/libnio.so
7f26c3de8000-7f26c3ee7000 ---p 00007000 fd:00 7736300                    /usr/java/jdk1.6.0_26/jre/lib/amd64/libnio.so
7f26c3ee7000-7f26c3ee9000 rwxp 00006000 fd:00 7736300                    /usr/java/jdk1.6.0_26/jre/lib/amd64/libnio.so
7f26c3ee9000-7f26c3efc000 r-xp 00000000 fd:00 7736299                    /usr/java/jdk1.6.0_26/jre/lib/amd64/libnet.so
7f26c3efc000-7f26c3ffd000 ---p 00013000 fd:00 7736299                    /usr/java/jdk1.6.0_26/jre/lib/amd64/libnet.so
7f26c3ffd000-7f26c4000000 rwxp 00014000 fd:00 7736299                    /usr/java/jdk1.6.0_26/jre/lib/amd64/libnet.so
7f26c4000000-7f26c4021000 rwxp 00000000 00:00 0 
7f26c4021000-7f26c8000000 ---p 00000000 00:00 0 
7f26c8000000-7f26c8021000 rwxp 00000000 00:00 0 
7f26c8021000-7f26cc000000 ---p 00000000 00:00 0 
7f26cc000000-7f26ccb89000 rwxp 00000000 00:00 0 
7f26ccb89000-7f26d0000000 ---p 00000000 00:00 0 
7f26d0000000-7f26d04e0000 rwxp 00000000 00:00 0 
7f26d04e0000-7f26d4000000 ---p 00000000 00:00 0 
7f26d4000000-7f26d4021000 rwxp 00000000 00:00 0 
7f26d4021000-7f26d8000000 ---p 00000000 00:00 0 
7f26d8000000-7f26d8021000 rwxp 00000000 00:00 0 
7f26d8021000-7f26dc000000 ---p 00000000 00:00 0 
7f26dc000000-7f26dc021000 rwxp 00000000 00:00 0 
7f26dc021000-7f26e0000000 ---p 00000000 00:00 0 
7f26e0000000-7f26e0021000 rwxp 00000000 00:00 0 
7f26e0021000-7f26e4000000 ---p 00000000 00:00 0 
7f26e4000000-7f26e4021000 rwxp 00000000 00:00 0 
7f26e4021000-7f26e8000000 ---p 00000000 00:00 0 
7f26e8000000-7f26e8021000 rwxp 00000000 00:00 0 
7f26e8021000-7f26ec000000 ---p 00000000 00:00 0 
7f26ec000000-7f26ec021000 rwxp 00000000 00:00 0 
7f26ec021000-7f26f0000000 ---p 00000000 00:00 0 
7f26f0000000-7f26f0021000 rwxp 00000000 00:00 0 
7f26f0021000-7f26f4000000 ---p 00000000 00:00 0 
7f26f4000000-7f26f4021000 rwxp 00000000 00:00 0 
7f26f4021000-7f26f8000000 ---p 00000000 00:00 0 
7f26f8000000-7f26f8021000 rwxp 00000000 00:00 0 
7f26f8021000-7f26fc000000 ---p 00000000 00:00 0 
7f26fc000000-7f26fc021000 rwxp 00000000 00:00 0 
7f26fc021000-7f2700000000 ---p 00000000 00:00 0 
7f2700000000-7f2700001000 rwxs fac06000 00:05 13605                      /dev/nvidia0
7f2700001000-7f2700002000 rwxs fa641000 00:05 13605                      /dev/nvidia0
7f2700002000-7f2700005000 ---p 00000000 00:00 0 
7f2700005000-7f2700103000 rwxp 00000000 00:00 0 
7f2700103000-7f2700106000 ---p 00000000 00:00 0 
7f2700106000-7f2700204000 rwxp 00000000 00:00 0 
7f2700204000-7f270027d000 r-xp 00000000 fd:00 7736278                    /usr/java/jdk1.6.0_26/jre/lib/amd64/libfontmanager.so
7f270027d000-7f270037c000 ---p 00079000 fd:00 7736278                    /usr/java/jdk1.6.0_26/jre/lib/amd64/libfontmanager.so
7f270037c000-7f2700391000 rwxp 00078000 fd:00 7736278                    /usr/java/jdk1.6.0_26/jre/lib/amd64/libfontmanager.so
7f2700391000-7f27003a2000 rwxp 00000000 00:00 0 
7f27003a2000-7f27003e4000 r-xp 00000000 fd:00 7736318                    /usr/java/jdk1.6.0_26/jre/lib/amd64/xawt/libmawt.so
7f27003e4000-7f27004e3000 ---p 00042000 fd:00 7736318                    /usr/java/jdk1.6.0_26/jre/lib/amd64/xawt/libmawt.so
7f27004e3000-7f27004ef000 rwxp 00041000 fd:00 7736318                    /usr/java/jdk1.6.0_26/jre/lib/amd64/xawt/libmawt.so
7f27004ef000-7f27004f0000 rwxp 00000000 00:00 0 
7f27004f0000-7f2700582000 r-xp 00000000 fd:00 7736273                    /usr/java/jdk1.6.0_26/jre/lib/amd64/libawt.so
7f2700582000-7f2700681000 ---p 00092000 fd:00 7736273                    /usr/java/jdk1.6.0_26/jre/lib/amd64/libawt.so
7f2700681000-7f270069b000 rwxp 00091000 fd:00 7736273                    /usr/java/jdk1.6.0_26/jre/lib/amd64/libawt.so
7f270069b000-7f27006bf000 rwxp 00000000 00:00 0 
7f27006bf000-7f27006c0000 ---p 00000000 00:00 0 
7f27006c0000-7f27007c0000 rwxp 00000000 00:00 0 
7f27007c0000-7f27007c3000 ---p 00000000 00:00 0 
7f27007c3000-7f27008c1000 rwxp 00000000 00:00 0 
7f27008c1000-7f27008c4000 ---p 00000000 00:00 0 
7f27008c4000-7f27009c2000 rwxp 00000000 00:00 0 
7f27009c2000-7f27009c5000 ---p 00000000 00:00 0 
7f27009c5000-7f2700ac3000 rwxp 00000000 00:00 0 
7f2700ac3000-7f2700ac6000 ---p 00000000 00:00 0 
7f2700ac6000-7f2700bc4000 rwxp 00000000 00:00 0 
7f2700bc4000-7f2700bc7000 ---p 00000000 00:00 0 
7f2700bc7000-7f2700cc5000 rwxp 00000000 00:00 0 
7f2700cc5000-7f2700cc8000 ---p 00000000 00:00 0 
7f2700cc8000-7f2700dc6000 rwxp 00000000 00:00 0 
7f2700dc6000-7f2700dd1000 r-xp 00000000 fd:00 2563                       /lib64/libnss_files-2.13.so
7f2700dd1000-7f2700fd0000 ---p 0000b000 fd:00 2563                       /lib64/libnss_files-2.13.so
7f2700fd0000-7f2700fd1000 r-xp 0000a000 fd:00 2563                       /lib64/libnss_files-2.13.so
7f2700fd1000-7f2700fd2000 rwxp 0000b000 fd:00 2563                       /lib64/libnss_files-2.13.so
7f2700fd2000-7f2700fd3000 rwxs 235704000 00:05 13605                     /dev/nvidia0
7f2700fd3000-7f2700fee000 rwxs 235420000 00:05 13605                     /dev/nvidia0
7f2700fee000-7f2700ff5000 r-xs 00000000 fd:00 266697                     /usr/lib64/gconv/gconv-modules.cache
7f2700ff5000-7f2700ff7000 r-xs 00228000 fd:00 11931851                   /home/narfman0/workspace/crittercaptors/crittercaptors/libs/gdx-backend-jogl-natives.jar
7f2700ff7000-7f270102c000 r-xs 00000000 fd:00 5246479                    /var/db/nscd/hosts
7f270102c000-7f270102f000 r-xp 00000000 fd:00 7736277                    /usr/java/jdk1.6.0_26/jre/lib/amd64/libdt_socket.so
7f270102f000-7f270112e000 ---p 00003000 fd:00 7736277                    /usr/java/jdk1.6.0_26/jre/lib/amd64/libdt_socket.so
7f270112e000-7f2701130000 rwxp 00002000 fd:00 7736277                    /usr/java/jdk1.6.0_26/jre/lib/amd64/libdt_socket.so
7f2701130000-7f2701133000 ---p 00000000 00:00 0 
7f2701133000-7f2701231000 rwxp 00000000 00:00 0 
7f2701231000-7f2701234000 ---p 00000000 00:00 0 
7f2701234000-7f2701332000 rwxp 00000000 00:00 0 
7f2701332000-7f2701335000 ---p 00000000 00:00 0 
7f2701335000-7f2701433000 rwxp 00000000 00:00 0 
7f2701433000-7f2701434000 ---p 00000000 00:00 0 
7f2701434000-7f2701a39000 rwxp 00000000 00:00 0 
7f2701a39000-7f2701bd1000 r-xs 03029000 fd:00 7737694                    /usr/java/jdk1.6.0_26/jre/lib/rt.jar
7f2701bd1000-7f2701bd2000 ---p 00000000 00:00 0 
7f2701bd2000-7f2701cd2000 rwxp 00000000 00:00 0 
7f2701cd2000-7f2701cd3000 ---p 00000000 00:00 0 
7f2701cd3000-7f2701dd3000 rwxp 00000000 00:00 0 
7f2701dd3000-7f2701dd4000 ---p 00000000 00:00 0 
7f2701dd4000-7f2701efe000 rwxp 00000000 00:00 0 
7f2701efe000-7f270216f000 rwxp 00000000 00:00 0 
7f270216f000-7f2708000000 r-xp 00000000 fd:00 266660                     /usr/lib/locale/locale-archive
7f2708000000-7f27081eb000 rwxp 00000000 00:00 0 
7f27081eb000-7f270c000000 ---p 00000000 00:00 0 
7f270c000000-7f270c001000 rwxs 2009b6000 00:05 13605                     /dev/nvidia0
7f270c001000-7f270c002000 rwxs fa060000 00:05 13605                      /dev/nvidia0
7f270c002000-7f270c010000 r-xs 000d2000 fd:00 11931850                   /home/narfman0/workspace/crittercaptors/crittercaptors/libs/gdx.jar
7f270c010000-7f270c011000 r-xs 0012e000 fd:00 11931849                   /home/narfman0/workspace/crittercaptors/crittercaptors/libs/gdx-natives.jar
7f270c011000-7f270c01a000 r-xs 00099000 fd:00 11931835                   /home/narfman0/workspace/crittercaptors/crittercaptors/libs/gdx-sources.jar
7f270c01a000-7f270c076000 rwxp 00000000 00:00 0 
7f270c076000-7f270c077000 ---p 00000000 00:00 0 
7f270c077000-7f270c182000 rwxp 00000000 00:00 0 
7f270c182000-7f270c1a0000 rwxp 00000000 00:00 0 
7f270c1a0000-7f270c1ab000 rwxp 00000000 00:00 0 
7f270c1ab000-7f270c1c9000 rwxp 00000000 00:00 0 
7f270c1c9000-7f270c1f3000 rwxp 00000000 00:00 0 
7f270c1f3000-7f270c463000 rwxp 00000000 00:00 0 
7f270c463000-7f270c479000 rwxp 00000000 00:00 0 
7f270c479000-7f270c5b1000 rwxp 00000000 00:00 0 
7f270c5b1000-7f270c5bc000 rwxp 00000000 00:00 0 
7f270c5bc000-7f270c672000 rwxp 00000000 00:00 0 
7f270c672000-7f270c8e2000 rwxp 00000000 00:00 0 
7f270c8e2000-7f270f672000 rwxp 00000000 00:00 0 
7f270f672000-7f270f680000 r-xp 00000000 fd:00 7736308                    /usr/java/jdk1.6.0_26/jre/lib/amd64/libzip.so
7f270f680000-7f270f782000 ---p 0000e000 fd:00 7736308                    /usr/java/jdk1.6.0_26/jre/lib/amd64/libzip.so
7f270f782000-7f270f785000 rwxp 00010000 fd:00 7736308                    /usr/java/jdk1.6.0_26/jre/lib/amd64/libzip.so
7f270f785000-7f270f786000 rwxp 00000000 00:00 0 
7f270f786000-7f270f7bb000 r-xs 00000000 fd:00 5246476                    /var/db/nscd/passwd
7f270f7bb000-7f270f7be000 r-xp 00000000 fd:00 7736302                    /usr/java/jdk1.6.0_26/jre/lib/amd64/libnpt.so
7f270f7be000-7f270f8bd000 ---p 00003000 fd:00 7736302                    /usr/java/jdk1.6.0_26/jre/lib/amd64/libnpt.so
7f270f8bd000-7f270f8be000 rwxp 00002000 fd:00 7736302                    /usr/java/jdk1.6.0_26/jre/lib/amd64/libnpt.so
7f270f8be000-7f270f8f4000 r-xp 00000000 fd:00 7736290                    /usr/java/jdk1.6.0_26/jre/lib/amd64/libjdwp.so
7f270f8f4000-7f270f9f3000 ---p 00036000 fd:00 7736290                    /usr/java/jdk1.6.0_26/jre/lib/amd64/libjdwp.so
7f270f9f3000-7f270f9fd000 rwxp 00035000 fd:00 7736290                    /usr/java/jdk1.6.0_26/jre/lib/amd64/libjdwp.so
7f270f9fd000-7f270fa26000 r-xp 00000000 fd:00 7736286                    /usr/java/jdk1.6.0_26/jre/lib/amd64/libjava.so
7f270fa26000-7f270fb25000 ---p 00029000 fd:00 7736286                    /usr/java/jdk1.6.0_26/jre/lib/amd64/libjava.so
7f270fb25000-7f270fb2c000 rwxp 00028000 fd:00 7736286                    /usr/java/jdk1.6.0_26/jre/lib/amd64/libjava.so
7f270fb2c000-7f270fb39000 r-xp 00000000 fd:00 7736307                    /usr/java/jdk1.6.0_26/jre/lib/amd64/libverify.so
7f270fb39000-7f270fc38000 ---p 0000d000 fd:00 7736307                    /usr/java/jdk1.6.0_26/jre/lib/amd64/libverify.so
7f270fc38000-7f270fc3b000 rwxp 0000c000 fd:00 7736307                    /usr/java/jdk1.6.0_26/jre/lib/amd64/libverify.so
7f270fc3b000-7f270fc3e000 ---p 00000000 00:00 0 
7f270fc3e000-7f270fd3c000 rwxp 00000000 00:00 0 
7f270fd3c000-7f2710656000 r-xp 00000000 fd:00 7736316                    /usr/java/jdk1.6.0_26/jre/lib/amd64/server/libjvm.so
7f2710656000-7f2710758000 ---p 0091a000 fd:00 7736316                    /usr/java/jdk1.6.0_26/jre/lib/amd64/server/libjvm.so
7f2710758000-7f271090d000 rwxp 0091c000 fd:00 7736316                    /usr/java/jdk1.6.0_26/jre/lib/amd64/server/libjvm.so
7f271090d000-7f271094a000 rwxp 00000000 00:00 0 
7f271094a000-7f2710951000 r-xp 00000000 fd:00 7736269                    /usr/java/jdk1.6.0_26/jre/lib/amd64/jli/libjli.so
7f2710951000-7f2710a52000 ---p 00007000 fd:00 7736269                    /usr/java/jdk1.6.0_26/jre/lib/amd64/jli/libjli.so
7f2710a52000-7f2710a54000 rwxp 00008000 fd:00 7736269                    /usr/java/jdk1.6.0_26/jre/lib/amd64/jli/libjli.so
7f2710a54000-7f2710a55000 rwxp 00000000 00:00 0 
7f2710a55000-7f2710a70000 r-xs 00214000 fd:00 11931848                   /home/narfman0/workspace/crittercaptors/crittercaptors/libs/gdx-backend-jogl.jar
7f2710a70000-7f2710a78000 rwxs 00000000 fd:00 2110                       /tmp/hsperfdata_narfman0/10905
7f2710a78000-7f2710a79000 rwxp 00000000 00:00 0 
7f2710a79000-7f2710a7a000 r-xp 00000000 00:00 0 
7f2710a7a000-7f2710a7b000 rwxp 00000000 00:00 0 
7fff8d009000-7fff8d02a000 rwxp 00000000 00:00 0                          [stack]
7fff8d142000-7fff8d143000 r-xp 00000000 00:00 0                          [vdso]
ffffffffff600000-ffffffffff601000 r-xp 00000000 00:00 0                  [vsyscall]

VM Arguments:
jvm_args: -agentlib:jdwp=transport=dt_socket,suspend=y,address=localhost:37382 -Dfile.encoding=UTF-8 
java_command: com.blastedstudios.crittercaptors.CritterCaptorsDesktop
Launcher Type: SUN_STANDARD

Environment Variables:
JAVA_HOME=/usr/java/default
PATH=/usr/lib64/qt-3.3/bin:/usr/lib64/ccache:/usr/local/bin:/usr/bin:/bin:/usr/local/sbin:/usr/sbin:/sbin:/home/narfman0/bin:/usr/lib64/openmotif/:/usr/local/ps3dev/bin:/usr/local/ps3dev/ppu/bin:/usr/local/ps3dev/spu/bin
USERNAME=narfman0
LD_LIBRARY_PATH=/usr/java/jdk1.6.0_26/jre/lib/amd64/server:/usr/java/jdk1.6.0_26/jre/lib/amd64:/usr/java/jdk1.6.0_26/jre/../lib/amd64
SHELL=/bin/bash
DISPLAY=:0.0

Signal Handlers:
SIGSEGV: [libjvm.so+0x85f800], sa_mask[0]=0x7ffbfeff, sa_flags=0x10000004
SIGBUS: [libjvm.so+0x85f800], sa_mask[0]=0x7ffbfeff, sa_flags=0x10000004
SIGFPE: [libjvm.so+0x70e300], sa_mask[0]=0x7ffbfeff, sa_flags=0x10000004
SIGPIPE: [libjvm.so+0x70e300], sa_mask[0]=0x7ffbfeff, sa_flags=0x10000004
SIGXFSZ: [libjvm.so+0x70e300], sa_mask[0]=0x7ffbfeff, sa_flags=0x10000004
SIGILL: [libjvm.so+0x70e300], sa_mask[0]=0x7ffbfeff, sa_flags=0x10000004
SIGUSR1: SIG_DFL, sa_mask[0]=0x00000000, sa_flags=0x00000000
SIGUSR2: [libjvm.so+0x711110], sa_mask[0]=0x00000004, sa_flags=0x10000004
SIGHUP: [libjvm.so+0x710d10], sa_mask[0]=0x7ffbfeff, sa_flags=0x10000004
SIGINT: [libjvm.so+0x710d10], sa_mask[0]=0x7ffbfeff, sa_flags=0x10000004
SIGTERM: [libjvm.so+0x710d10], sa_mask[0]=0x7ffbfeff, sa_flags=0x10000004
SIGQUIT: [libjvm.so+0x710d10], sa_mask[0]=0x7ffbfeff, sa_flags=0x10000004


---------------  S Y S T E M  ---------------

OS:Fedora release 14 (Laughlin)

uname:Linux 2.6.35.14-106.fc14.x86_64 #1 SMP Wed Nov 23 13:07:52 UTC 2011 x86_64
libc:glibc 2.13 NPTL 2.13 
rlimit: STACK 8192k, CORE 0k, NPROC 1024, NOFILE 1024, AS infinity
load average:0.10 0.14 0.17

/proc/meminfo:
MemTotal:        8186032 kB
MemFree:         3243560 kB
Buffers:          353688 kB
Cached:          2570740 kB
SwapCached:            0 kB
Active:          2398420 kB
Inactive:        1884560 kB
Active(anon):    1187320 kB
Inactive(anon):   192296 kB
Active(file):    1211100 kB
Inactive(file):  1692264 kB
Unevictable:           0 kB
Mlocked:               0 kB
SwapTotal:       6160380 kB
SwapFree:        6160380 kB
Dirty:              2608 kB
Writeback:             0 kB
AnonPages:       1358552 kB
Mapped:           130896 kB
Shmem:             20928 kB
Slab:             368428 kB
SReclaimable:     334144 kB
SUnreclaim:        34284 kB
KernelStack:        3912 kB
PageTables:        41596 kB
NFS_Unstable:          0 kB
Bounce:                0 kB
WritebackTmp:          0 kB
CommitLimit:    10253396 kB
Committed_AS:    2436436 kB
VmallocTotal:   34359738367 kB
VmallocUsed:      361396 kB
VmallocChunk:   34359359484 kB
HardwareCorrupted:     0 kB
HugePages_Total:       0
HugePages_Free:        0
HugePages_Rsvd:        0
HugePages_Surp:        0
Hugepagesize:       2048 kB
DirectMap4k:      374208 kB
DirectMap2M:     8005632 kB


CPU:total 4 (4 cores per cpu, 1 threads per core) family 6 model 30 stepping 5, cmov, cx8, fxsr, mmx, sse, sse2, sse3, ssse3, sse4.1, sse4.2, popcnt

/proc/cpuinfo:
processor	: 0
vendor_id	: GenuineIntel
cpu family	: 6
model		: 30
model name	: Intel(R) Core(TM) i5 CPU         750  @ 2.67GHz
stepping	: 5
cpu MHz		: 2668.000
cache size	: 8192 KB
physical id	: 0
siblings	: 4
core id		: 0
cpu cores	: 4
apicid		: 0
initial apicid	: 0
fpu		: yes
fpu_exception	: yes
cpuid level	: 11
wp		: yes
flags		: fpu vme de pse tsc msr pae mce cx8 apic sep mtrr pge mca cmov pat pse36 clflush dts acpi mmx fxsr sse sse2 ss ht tm pbe syscall nx rdtscp lm constant_tsc arch_perfmon pebs bts rep_good xtopology nonstop_tsc aperfmperf pni dtes64 monitor ds_cpl vmx smx est tm2 ssse3 cx16 xtpr pdcm sse4_1 sse4_2 popcnt lahf_lm ida tpr_shadow vnmi flexpriority ept vpid
bogomips	: 5333.40
clflush size	: 64
cache_alignment	: 64
address sizes	: 36 bits physical, 48 bits virtual
power management:

processor	: 1
vendor_id	: GenuineIntel
cpu family	: 6
model		: 30
model name	: Intel(R) Core(TM) i5 CPU         750  @ 2.67GHz
stepping	: 5
cpu MHz		: 1200.000
cache size	: 8192 KB
physical id	: 0
siblings	: 4
core id		: 1
cpu cores	: 4
apicid		: 2
initial apicid	: 2
fpu		: yes
fpu_exception	: yes
cpuid level	: 11
wp		: yes
flags		: fpu vme de pse tsc msr pae mce cx8 apic sep mtrr pge mca cmov pat pse36 clflush dts acpi mmx fxsr sse sse2 ss ht tm pbe syscall nx rdtscp lm constant_tsc arch_perfmon pebs bts rep_good xtopology nonstop_tsc aperfmperf pni dtes64 monitor ds_cpl vmx smx est tm2 ssse3 cx16 xtpr pdcm sse4_1 sse4_2 popcnt lahf_lm ida tpr_shadow vnmi flexpriority ept vpid
bogomips	: 5332.52
clflush size	: 64
cache_alignment	: 64
address sizes	: 36 bits physical, 48 bits virtual
power management:

processor	: 2
vendor_id	: GenuineIntel
cpu family	: 6
model		: 30
model name	: Intel(R) Core(TM) i5 CPU         750  @ 2.67GHz
stepping	: 5
cpu MHz		: 1200.000
cache size	: 8192 KB
physical id	: 0
siblings	: 4
core id		: 2
cpu cores	: 4
apicid		: 4
initial apicid	: 4
fpu		: yes
fpu_exception	: yes
cpuid level	: 11
wp		: yes
flags		: fpu vme de pse tsc msr pae mce cx8 apic sep mtrr pge mca cmov pat pse36 clflush dts acpi mmx fxsr sse sse2 ss ht tm pbe syscall nx rdtscp lm constant_tsc arch_perfmon pebs bts rep_good xtopology nonstop_tsc aperfmperf pni dtes64 monitor ds_cpl vmx smx est tm2 ssse3 cx16 xtpr pdcm sse4_1 sse4_2 popcnt lahf_lm ida tpr_shadow vnmi flexpriority ept vpid
bogomips	: 5332.52
clflush size	: 64
cache_alignment	: 64
address sizes	: 36 bits physical, 48 bits virtual
power management:

processor	: 3
vendor_id	: GenuineIntel
cpu family	: 6
model		: 30
model name	: Intel(R) Core(TM) i5 CPU         750  @ 2.67GHz
stepping	: 5
cpu MHz		: 1200.000
cache size	: 8192 KB
physical id	: 0
siblings	: 4
core id		: 3
cpu cores	: 4
apicid		: 6
initial apicid	: 6
fpu		: yes
fpu_exception	: yes
cpuid level	: 11
wp		: yes
flags		: fpu vme de pse tsc msr pae mce cx8 apic sep mtrr pge mca cmov pat pse36 clflush dts acpi mmx fxsr sse sse2 ss ht tm pbe syscall nx rdtscp lm constant_tsc arch_perfmon pebs bts rep_good xtopology nonstop_tsc aperfmperf pni dtes64 monitor ds_cpl vmx smx est tm2 ssse3 cx16 xtpr pdcm sse4_1 sse4_2 popcnt lahf_lm ida tpr_shadow vnmi flexpriority ept vpid
bogomips	: 5332.51
clflush size	: 64
cache_alignment	: 64
address sizes	: 36 bits physical, 48 bits virtual
power management:



Memory: 4k page, physical 8186032k(3243560k free), swap 6160380k(6160380k free)

vm_info: Java HotSpot(TM) 64-Bit Server VM (20.1-b02) for linux-amd64 JRE (1.6.0_26-b03), built on May  4 2011 01:13:47 by "java_re" with gcc 3.2.2 (SuSE Linux)

time: Sun Jan 22 17:41:54 2012
elapsed time: 14 seconds

