#
# A fatal error has been detected by the Java Runtime Environment:
#
#  SIGSEGV (0xb) at pc=0x0000003cb7e7cdfa, pid=10401, tid=140351316227840
#
# JRE version: 6.0_26-b03
# Java VM: Java HotSpot(TM) 64-Bit Server VM (20.1-b02 mixed mode linux-amd64 compressed oops)
# Problematic frame:
# C  [libGL.so.1+0x7cdfa]  XQueryExtension+0x7cdfa
#
# If you would like to submit a bug report, please visit:
#   http://java.sun.com/webapps/bugreport/crash.jsp
# The crash happened outside the Java Virtual Machine in native code.
# See problematic frame for where to report the bug.
#

---------------  T H R E A D  ---------------

Current thread (0x00007fa6201d8800):  JavaThread "AWT-EventQueue-0" [_thread_in_native, id=10433, stack(0x00007fa61648f000,0x00007fa616590000)]

siginfo:si_signo=SIGSEGV: si_errno=0, si_code=1 (SEGV_MAPERR), si_addr=0x0000000040fff000

Registers:
RAX=0x0000000040fff000, RBX=0x0000000000000000, RCX=0x0000000000000001, RDX=0x00007fa624048001
RSP=0x00007fa61658d870, RBP=0x00007fa5cc0dfb58, RSI=0x0000000000000000, RDI=0x0000003cb80de020
R8 =0x0000003cb80fb1a0, R9 =0x00000000000028c1, R10=0x00007fa617185b28, R11=0x0000000000000206
R12=0x0000003cb80de020, R13=0x00007fa620151070, R14=0x0000003cb7e7b390, R15=0x0000000004800012
RIP=0x0000003cb7e7cdfa, EFLAGS=0x0000000000010202, CSGSFS=0x0000000000000033, ERR=0x0000000000000004
  TRAPNO=0x000000000000000e

Top of Stack: (sp=0x00007fa61658d870)
0x00007fa61658d870:   00000000014001e0 000000001718633e
0x00007fa61658d880:   0000000004800012 00000007d7bde298
0x00007fa61658d890:   0000000100000001 0000000000000000
0x00007fa61658d8a0:   0000000000000000 00007fa61658d908
0x00007fa61658d8b0:   000000077ded3a18 0000000000000000
0x00007fa61658d8c0:   000000077ded01c0 0000000000000000
0x00007fa61658d8d0:   00007fa61658d8f8 00007fa61658d950
0x00007fa61658d8e0:   00007fa617174a33 000000077e60a298
0x00007fa61658d8f0:   00007fa61658d960 0000000000000000
0x00007fa61658d900:   000000077e60a298 00007fa61658da30
0x00007fa61658d910:   00007fa6201d8800 00007fa615d6c3d7
0x00007fa61658d920:   00007fa61658d968 00007fa5cc0dfb58
0x00007fa61658d930:   0000000004800012 00007fa620151070
0x00007fa61658d940:   00007fa61658d9f8 00007fa6201d89d0
0x00007fa61658d950:   00007fa61658d9b0 00007fa617174a33
0x00007fa61658d960:   00007fa61658d9e8 00007fa617185b55
0x00007fa61658d970:   00007fa61658d970 000000077e633f45
0x00007fa61658d980:   00007fa61658d9c8 000000077e634c10
0x00007fa61658d990:   0000000000000000 000000077e633f50
0x00007fa61658d9a0:   0000000000000000 00007fa61658d9a8
0x00007fa61658d9b0:   0000000000000000 00007fa61658da30
0x00007fa61658d9c0:   000000077e6143c0 0000000000000000
0x00007fa61658d9d0:   000000077e60a298 0000000000000000
0x00007fa61658d9e0:   00007fa61658da08 00007fa61658da78
0x00007fa61658d9f0:   00007fa6171748da 000000077e60f288
0x00007fa61658da00:   00007fa617181280 00007fa5cc0dfb58
0x00007fa61658da10:   00007fa61658da78 0000000004800012
0x00007fa61658da20:   00000007d69fd288 00007fa620151070
0x00007fa61658da30:   00000007d69fd288 00007fa61658da38
0x00007fa61658da40:   000000077e5e7b66 00007fa61658da90
0x00007fa61658da50:   000000077e66c440 0000000000000000
0x00007fa61658da60:   000000077e5e7c08 00007fa61658da08 

Instructions: (pc=0x0000003cb7e7cdfa)
0x0000003cb7e7cdda:   8b 8d 7c 09 00 00 85 c9 0f 95 c2 4d 85 ff 0f 95
0x0000003cb7e7cdea:   c0 84 c2 74 21 48 8b 85 c0 09 00 00 48 8b 40 40
0x0000003cb7e7cdfa:   48 8b 00 f7 80 54 f7 03 00 00 00 01 5e 0f 85 92
0x0000003cb7e7ce0a:   04 00 00 0f 1f 00 4d 85 f6 0f 84 67 01 00 00 31 

Register to memory mapping:

RAX=0x0000000040fff000 is an unknown value
RBX=0x0000000000000000 is an unknown value
RCX=0x0000000000000001 is an unknown value
RDX=0x00007fa624048001 is an unknown value
RSP=0x00007fa61658d870 is pointing into the stack for thread: 0x00007fa6201d8800
RBP=0x00007fa5cc0dfb58 is an unknown value
RSI=0x0000000000000000 is an unknown value
RDI=0x0000003cb80de020: <offset 0x2de020> in /usr/lib64/nvidia/libGL.so.1 at 0x0000003cb7e00000
R8 =0x0000003cb80fb1a0: <offset 0x2fb1a0> in /usr/lib64/nvidia/libGL.so.1 at 0x0000003cb7e00000
R9 =0x00000000000028c1 is an unknown value
R10=0x00007fa617185b28 is an Interpreter codelet
method entry point (kind = native)  [0x00007fa617185680, 0x00007fa617186480]  3584 bytes
R11=0x0000000000000206 is an unknown value
R12=0x0000003cb80de020: <offset 0x2de020> in /usr/lib64/nvidia/libGL.so.1 at 0x0000003cb7e00000
R13=0x00007fa620151070 is an unknown value
R14=0x0000003cb7e7b390: <offset 0x7b390> in /usr/lib64/nvidia/libGL.so.1 at 0x0000003cb7e00000
R15=0x0000000004800012 is an unknown value


Stack: [0x00007fa61648f000,0x00007fa616590000],  sp=0x00007fa61658d870,  free space=1018k
Native frames: (J=compiled Java code, j=interpreted, Vv=VM code, C=native code)
C  [libGL.so.1+0x7cdfa]  XQueryExtension+0x7cdfa

Java frames: (J=compiled Java code, j=interpreted, Vv=VM code)
j  com.sun.opengl.impl.x11.GLX.glXMakeCurrent(JJJ)Z+0
j  com.sun.opengl.impl.x11.X11GLContext.makeCurrentImpl()I+78
j  com.sun.opengl.impl.x11.X11OnscreenGLContext.makeCurrentImpl()I+32
j  com.sun.opengl.impl.GLContextImpl.makeCurrent()I+56
j  com.sun.opengl.impl.GLDrawableHelper.invokeGL(Ljavax/media/opengl/GLDrawable;Ljavax/media/opengl/GLContext;Ljava/lang/Runnable;Ljava/lang/Runnable;)V+308
j  javax.media.opengl.GLCanvas$DisplayOnEventDispatchThreadAction.run()V+35
j  java.awt.event.InvocationEvent.dispatch()V+11
j  java.awt.EventQueue.dispatchEventImpl(Ljava/awt/AWTEvent;Ljava/lang/Object;)V+21
j  java.awt.EventQueue.access$000(Ljava/awt/EventQueue;Ljava/awt/AWTEvent;Ljava/lang/Object;)V+3
j  java.awt.EventQueue$1.run()Ljava/lang/Void;+12
j  java.awt.EventQueue$1.run()Ljava/lang/Object;+1
v  ~StubRoutines::call_stub
j  java.security.AccessController.doPrivileged(Ljava/security/PrivilegedAction;Ljava/security/AccessControlContext;)Ljava/lang/Object;+0
j  java.security.AccessControlContext$1.doIntersectionPrivilege(Ljava/security/PrivilegedAction;Ljava/security/AccessControlContext;Ljava/security/AccessControlContext;)Ljava/lang/Object;+28
j  java.awt.EventQueue.dispatchEvent(Ljava/awt/AWTEvent;)V+46
j  java.awt.EventDispatchThread.pumpOneEventForFilters(I)Z+204
j  java.awt.EventDispatchThread.pumpEventsForFilter(ILjava/awt/Conditional;Ljava/awt/EventFilter;)V+30
j  java.awt.EventDispatchThread.pumpEventsForHierarchy(ILjava/awt/Conditional;Ljava/awt/Component;)V+11
j  java.awt.EventDispatchThread.pumpEvents(ILjava/awt/Conditional;)V+4
j  java.awt.EventDispatchThread.pumpEvents(Ljava/awt/Conditional;)V+3
j  java.awt.EventDispatchThread.run()V+9
v  ~StubRoutines::call_stub

---------------  P R O C E S S  ---------------

Java Threads: ( => current thread )
  0x00007fa5ec004800 JavaThread "XToolkit-Shutdown-Thread" [_thread_blocked, id=10479, stack(0x00007fa5c3ef7000,0x00007fa5c3ff8000)]
  0x00007fa5f0001000 JavaThread "SIGTERM handler" daemon [_thread_blocked, id=10475, stack(0x00007fa624283000,0x00007fa624384000)]
  0x00007fa5cc3d4800 JavaThread "Keep-Alive-Timer" daemon [_thread_blocked, id=10442, stack(0x00007fa6142a7000,0x00007fa6143a8000)]
  0x00007fa620008800 JavaThread "DestroyJavaVM" [_thread_blocked, id=10407, stack(0x00007fa626550000,0x00007fa626651000)]
  0x00007fa5cc0cb000 JavaThread "Thread-1" [_thread_blocked, id=10439, stack(0x00007fa614760000,0x00007fa614861000)]
=>0x00007fa6201d8800 JavaThread "AWT-EventQueue-0" [_thread_in_native, id=10433, stack(0x00007fa61648f000,0x00007fa616590000)]
  0x00007fa6201d6800 JavaThread "AWT-Shutdown" [_thread_blocked, id=10432, stack(0x00007fa616590000,0x00007fa616691000)]
  0x00007fa6201d5000 JavaThread "AWT-XAWT" daemon [_thread_blocked, id=10431, stack(0x00007fa616691000,0x00007fa616792000)]
  0x00007fa620176800 JavaThread "Java2D Disposer" daemon [_thread_blocked, id=10430, stack(0x00007fa6169b1000,0x00007fa616ab2000)]
  0x00007fa6200a2000 JavaThread "Low Memory Detector" daemon [_thread_blocked, id=10427, stack(0x00007fa61706e000,0x00007fa61716f000)]
  0x00007fa62009f800 JavaThread "C2 CompilerThread1" daemon [_thread_blocked, id=10426, stack(0x00007fa624081000,0x00007fa624182000)]
  0x00007fa62009d000 JavaThread "C2 CompilerThread0" daemon [_thread_blocked, id=10425, stack(0x00007fa624182000,0x00007fa624283000)]
  0x00007fa62009a800 JavaThread "JDWP Event Helper Thread" daemon [_thread_blocked, id=10421, stack(0x00007fa624384000,0x00007fa624485000)]
  0x00007fa620097000 JavaThread "JDWP Transport Listener: dt_socket" daemon [_thread_in_native, id=10418, stack(0x00007fa624485000,0x00007fa624586000)]
  0x00007fa62008a000 JavaThread "Signal Dispatcher" daemon [_thread_blocked, id=10416, stack(0x00007fa6248f0000,0x00007fa6249f1000)]
  0x00007fa62006e800 JavaThread "Finalizer" daemon [_thread_blocked, id=10414, stack(0x00007fa6249f1000,0x00007fa624af2000)]
  0x00007fa62006c800 JavaThread "Reference Handler" daemon [_thread_blocked, id=10413, stack(0x00007fa624af2000,0x00007fa624bf3000)]

Other Threads:
  0x00007fa620066000 VMThread [stack: 0x00007fa624bf3000,0x00007fa624cf4000] [id=10412]
  0x00007fa6200b4800 WatcherThread [stack: 0x00007fa616f6d000,0x00007fa61706e000] [id=10428]

VM state:not at safepoint (normal execution)

VM Mutex/Monitor currently owned by a thread: None

Heap
 PSYoungGen      total 37312K, used 26205K [0x00000007d6560000, 0x00000007d8f00000, 0x0000000800000000)
  eden space 32000K, 81% used [0x00000007d6560000,0x00000007d7ef74c0,0x00000007d84a0000)
  from space 5312K, 0% used [0x00000007d89d0000,0x00000007d89d0000,0x00000007d8f00000)
  to   space 5312K, 0% used [0x00000007d84a0000,0x00000007d84a0000,0x00000007d89d0000)
 PSOldGen        total 85312K, used 0K [0x0000000783000000, 0x0000000788350000, 0x00000007d6560000)
  object space 85312K, 0% used [0x0000000783000000,0x0000000783000000,0x0000000788350000)
 PSPermGen       total 21248K, used 17625K [0x000000077de00000, 0x000000077f2c0000, 0x0000000783000000)
  object space 21248K, 82% used [0x000000077de00000,0x000000077ef36498,0x000000077f2c0000)

Code Cache  [0x00007fa61716f000, 0x00007fa6173df000, 0x00007fa61a16f000)
 total_blobs=767 nmethods=49 adapters=681 free_code_cache=49505920 largest_free_block=12544

Dynamic libraries:
40000000-40009000 r-xp 00000000 fd:00 7602320                            /usr/java/jdk1.6.0_26/bin/java
40108000-4010a000 rwxp 00008000 fd:00 7602320                            /usr/java/jdk1.6.0_26/bin/java
41f28000-41f49000 rwxp 00000000 00:00 0                                  [heap]
77de00000-77f2c0000 rwxp 00000000 00:00 0 
77f2c0000-783000000 rwxp 00000000 00:00 0 
783000000-788350000 rwxp 00000000 00:00 0 
788350000-7d6560000 rwxp 00000000 00:00 0 
7d6560000-7d8f00000 rwxp 00000000 00:00 0 
7d8f00000-800000000 rwxp 00000000 00:00 0 
32f5200000-32f5261000 r-xp 00000000 fd:00 264308                         /usr/lib64/libsndfile.so.1.0.25
32f5261000-32f5461000 ---p 00061000 fd:00 264308                         /usr/lib64/libsndfile.so.1.0.25
32f5461000-32f5464000 rwxp 00061000 fd:00 264308                         /usr/lib64/libsndfile.so.1.0.25
32f5464000-32f5468000 rwxp 00000000 00:00 0 
337ec00000-337ec16000 r-xp 00000000 fd:00 1311                           /lib64/libnsl-2.13.so
337ec16000-337ee15000 ---p 00016000 fd:00 1311                           /lib64/libnsl-2.13.so
337ee15000-337ee16000 r-xp 00015000 fd:00 1311                           /lib64/libnsl-2.13.so
337ee16000-337ee17000 rwxp 00016000 fd:00 1311                           /lib64/libnsl-2.13.so
337ee17000-337ee19000 rwxp 00000000 00:00 0 
33cb200000-33cb205000 r-xp 00000000 fd:00 265316                         /usr/lib64/libasyncns.so.0.3.1
33cb205000-33cb404000 ---p 00005000 fd:00 265316                         /usr/lib64/libasyncns.so.0.3.1
33cb404000-33cb405000 rwxp 00004000 fd:00 265316                         /usr/lib64/libasyncns.so.0.3.1
33cb600000-33cb64e000 r-xp 00000000 fd:00 268994                         /usr/lib64/libpulsecommon-0.9.21.so
33cb64e000-33cb84d000 ---p 0004e000 fd:00 268994                         /usr/lib64/libpulsecommon-0.9.21.so
33cb84d000-33cb84f000 rwxp 0004d000 fd:00 268994                         /usr/lib64/libpulsecommon-0.9.21.so
33cba00000-33cba08000 r-xp 00000000 fd:00 1920                           /lib64/libwrap.so.0.7.6
33cba08000-33cbc08000 ---p 00008000 fd:00 1920                           /lib64/libwrap.so.0.7.6
33cbc08000-33cbc09000 rwxp 00008000 fd:00 1920                           /lib64/libwrap.so.0.7.6
33cbc09000-33cbc0a000 rwxp 00000000 00:00 0 
33cc200000-33cc241000 r-xp 00000000 fd:00 268426                         /usr/lib64/libpulse.so.0.12.2
33cc241000-33cc440000 ---p 00041000 fd:00 268426                         /usr/lib64/libpulse.so.0.12.2
33cc440000-33cc442000 rwxp 00040000 fd:00 268426                         /usr/lib64/libpulse.so.0.12.2
373ce00000-373ce1f000 r-xp 00000000 fd:00 580                            /lib64/ld-2.13.so
373d01e000-373d01f000 r-xp 0001e000 fd:00 580                            /lib64/ld-2.13.so
373d01f000-373d020000 rwxp 0001f000 fd:00 580                            /lib64/ld-2.13.so
373d020000-373d021000 rwxp 00000000 00:00 0 
373d200000-373d391000 r-xp 00000000 fd:00 2988                           /lib64/libc-2.13.so
373d391000-373d591000 ---p 00191000 fd:00 2988                           /lib64/libc-2.13.so
373d591000-373d595000 r-xp 00191000 fd:00 2988                           /lib64/libc-2.13.so
373d595000-373d596000 rwxp 00195000 fd:00 2988                           /lib64/libc-2.13.so
373d596000-373d59c000 rwxp 00000000 00:00 0 
373d600000-373d684000 r-xp 00000000 fd:00 3099                           /lib64/libm-2.13.so
373d684000-373d883000 ---p 00084000 fd:00 3099                           /lib64/libm-2.13.so
373d883000-373d884000 r-xp 00083000 fd:00 3099                           /lib64/libm-2.13.so
373d884000-373d885000 rwxp 00084000 fd:00 3099                           /lib64/libm-2.13.so
373da00000-373da17000 r-xp 00000000 fd:00 3068                           /lib64/libpthread-2.13.so
373da17000-373dc16000 ---p 00017000 fd:00 3068                           /lib64/libpthread-2.13.so
373dc16000-373dc17000 r-xp 00016000 fd:00 3068                           /lib64/libpthread-2.13.so
373dc17000-373dc18000 rwxp 00017000 fd:00 3068                           /lib64/libpthread-2.13.so
373dc18000-373dc1c000 rwxp 00000000 00:00 0 
373de00000-373de02000 r-xp 00000000 fd:00 3080                           /lib64/libdl-2.13.so
373de02000-373e002000 ---p 00002000 fd:00 3080                           /lib64/libdl-2.13.so
373e002000-373e003000 r-xp 00002000 fd:00 3080                           /lib64/libdl-2.13.so
373e003000-373e004000 rwxp 00003000 fd:00 3080                           /lib64/libdl-2.13.so
373e200000-373e215000 r-xp 00000000 fd:00 3103                           /lib64/libgcc_s-4.5.1-20100924.so.1
373e215000-373e414000 ---p 00015000 fd:00 3103                           /lib64/libgcc_s-4.5.1-20100924.so.1
373e414000-373e415000 rwxp 00014000 fd:00 3103                           /lib64/libgcc_s-4.5.1-20100924.so.1
373e600000-373e607000 r-xp 00000000 fd:00 3069                           /lib64/librt-2.13.so
373e607000-373e806000 ---p 00007000 fd:00 3069                           /lib64/librt-2.13.so
373e806000-373e807000 r-xp 00006000 fd:00 3069                           /lib64/librt-2.13.so
373e807000-373e808000 rwxp 00007000 fd:00 3069                           /lib64/librt-2.13.so
373f600000-373f617000 r-xp 00000000 fd:00 3568                           /lib64/libresolv-2.13.so
373f617000-373f816000 ---p 00017000 fd:00 3568                           /lib64/libresolv-2.13.so
373f816000-373f817000 r-xp 00016000 fd:00 3568                           /lib64/libresolv-2.13.so
373f817000-373f818000 rwxp 00017000 fd:00 3568                           /lib64/libresolv-2.13.so
373f818000-373f81a000 rwxp 00000000 00:00 0 
3740600000-374061b000 r-xp 00000000 fd:00 270796                         /usr/lib64/libxcb.so.1.1.0
374061b000-374081a000 ---p 0001b000 fd:00 270796                         /usr/lib64/libxcb.so.1.1.0
374081a000-374081b000 rwxp 0001a000 fd:00 270796                         /usr/lib64/libxcb.so.1.1.0
3740a00000-3740b39000 r-xp 00000000 fd:00 270797                         /usr/lib64/libX11.so.6.3.0
3740b39000-3740d39000 ---p 00139000 fd:00 270797                         /usr/lib64/libX11.so.6.3.0
3740d39000-3740d3f000 rwxp 00139000 fd:00 270797                         /usr/lib64/libX11.so.6.3.0
3740e00000-3740e02000 r-xp 00000000 fd:00 270795                         /usr/lib64/libXau.so.6.0.0
3740e02000-3741002000 ---p 00002000 fd:00 270795                         /usr/lib64/libXau.so.6.0.0
3741002000-3741003000 rwxp 00002000 fd:00 270795                         /usr/lib64/libXau.so.6.0.0
3741a00000-3741a11000 r-xp 00000000 fd:00 270803                         /usr/lib64/libXext.so.6.4.0
3741a11000-3741c11000 ---p 00011000 fd:00 270803                         /usr/lib64/libXext.so.6.4.0
3741c11000-3741c12000 rwxp 00011000 fd:00 270803                         /usr/lib64/libXext.so.6.4.0
3742e00000-3742ee8000 r-xp 00000000 fd:00 270815                         /usr/lib64/libstdc++.so.6.0.14
3742ee8000-37430e8000 ---p 000e8000 fd:00 270815                         /usr/lib64/libstdc++.so.6.0.14
37430e8000-37430f0000 r-xp 000e8000 fd:00 270815                         /usr/lib64/libstdc++.so.6.0.14
37430f0000-37430f2000 rwxp 000f0000 fd:00 270815                         /usr/lib64/libstdc++.so.6.0.14
37430f2000-3743107000 rwxp 00000000 00:00 0 
3743200000-374320f000 r-xp 00000000 fd:00 270805                         /usr/lib64/libXi.so.6.1.0
374320f000-374340e000 ---p 0000f000 fd:00 270805                         /usr/lib64/libXi.so.6.1.0
374340e000-374340f000 rwxp 0000e000 fd:00 270805                         /usr/lib64/libXi.so.6.1.0
3743600000-3743609000 r-xp 00000000 fd:00 270798                         /usr/lib64/libXrender.so.1.3.0
3743609000-3743809000 ---p 00009000 fd:00 270798                         /usr/lib64/libXrender.so.1.3.0
3743809000-374380a000 rwxp 00009000 fd:00 270798                         /usr/lib64/libXrender.so.1.3.0
3743a00000-3743a05000 r-xp 00000000 fd:00 270807                         /usr/lib64/libXfixes.so.3.1.0
3743a05000-3743c04000 ---p 00005000 fd:00 270807                         /usr/lib64/libXfixes.so.3.1.0
3743c04000-3743c05000 rwxp 00004000 fd:00 270807                         /usr/lib64/libXfixes.so.3.1.0
3743e00000-3743e09000 r-xp 00000000 fd:00 270808                         /usr/lib64/libXcursor.so.1.0.2
3743e09000-3744009000 ---p 00009000 fd:00 270808                         /usr/lib64/libXcursor.so.1.0.2
3744009000-374400a000 rwxp 00009000 fd:00 270808                         /usr/lib64/libXcursor.so.1.0.2
3744600000-3744608000 r-xp 00000000 fd:00 270806                         /usr/lib64/libXrandr.so.2.2.0
3744608000-3744807000 ---p 00008000 fd:00 270806                         /usr/lib64/libXrandr.so.2.2.0
3744807000-3744808000 rwxp 00007000 fd:00 270806                         /usr/lib64/libXrandr.so.2.2.0
3744a00000-3744a04000 r-xp 00000000 fd:00 3571                           /lib64/libuuid.so.1.3.0
3744a04000-3744c03000 ---p 00004000 fd:00 3571                           /lib64/libuuid.so.1.3.0
3744c03000-3744c04000 rwxp 00003000 fd:00 3571                           /lib64/libuuid.so.1.3.0
3747600000-3747605000 r-xp 00000000 fd:00 270878                         /usr/lib64/libXxf86vm.so.1.0.0
3747605000-3747804000 ---p 00005000 fd:00 270878                         /usr/lib64/libXxf86vm.so.1.0.0
3747804000-3747805000 rwxp 00004000 fd:00 270878                         /usr/lib64/libXxf86vm.so.1.0.0
3749e00000-3749e17000 r-xp 00000000 fd:00 267860                         /usr/lib64/libICE.so.6.3.0
3749e17000-374a017000 ---p 00017000 fd:00 267860                         /usr/lib64/libICE.so.6.3.0
374a017000-374a018000 rwxp 00017000 fd:00 267860                         /usr/lib64/libICE.so.6.3.0
374a018000-374a01c000 rwxp 00000000 00:00 0 
374a600000-374a607000 r-xp 00000000 fd:00 270818                         /usr/lib64/libSM.so.6.0.0
374a607000-374a807000 ---p 00007000 fd:00 270818                         /usr/lib64/libSM.so.6.0.0
374a807000-374a808000 rwxp 00007000 fd:00 270818                         /usr/lib64/libSM.so.6.0.0
374c600000-374c605000 r-xp 00000000 fd:00 270837                         /usr/lib64/libXtst.so.6.1.0
374c605000-374c805000 ---p 00005000 fd:00 270837                         /usr/lib64/libXtst.so.6.1.0
374c805000-374c806000 rwxp 00005000 fd:00 270837                         /usr/lib64/libXtst.so.6.1.0
374d200000-374d4b3000 r-xp 00000000 fd:00 270841                         /usr/lib64/libvorbisenc.so.2.0.7
374d4b3000-374d6b2000 ---p 002b3000 fd:00 270841                         /usr/lib64/libvorbisenc.so.2.0.7
374d6b2000-374d6ce000 rwxp 002b2000 fd:00 270841                         /usr/lib64/libvorbisenc.so.2.0.7
374ee00000-374ee05000 r-xp 00000000 fd:00 270838                         /usr/lib64/libogg.so.0.7.0
374ee05000-374f004000 ---p 00005000 fd:00 270838                         /usr/lib64/libogg.so.0.7.0
374f004000-374f005000 rwxp 00004000 fd:00 270838                         /usr/lib64/libogg.so.0.7.0
374f600000-374f62b000 r-xp 00000000 fd:00 270840                         /usr/lib64/libvorbis.so.0.4.4
374f62b000-374f82b000 ---p 0002b000 fd:00 270840                         /usr/lib64/libvorbis.so.0.4.4
374f82b000-374f82c000 rwxp 0002b000 fd:00 270840                         /usr/lib64/libvorbis.so.0.4.4
3751e00000-3751e39000 r-xp 00000000 fd:00 270839                         /usr/lib64/libFLAC.so.8.2.0
3751e39000-3752038000 ---p 00039000 fd:00 270839                         /usr/lib64/libFLAC.so.8.2.0
3752038000-375203a000 rwxp 00038000 fd:00 270839                         /usr/lib64/libFLAC.so.8.2.0
3a1b600000-3a1b643000 r-xp 00000000 fd:00 3781                           /lib64/libdbus-1.so.3.5.2
3a1b643000-3a1b842000 ---p 00043000 fd:00 3781                           /lib64/libdbus-1.so.3.5.2
3a1b842000-3a1b843000 r-xp 00042000 fd:00 3781                           /lib64/libdbus-1.so.3.5.2
3a1b843000-3a1b844000 rwxp 00043000 fd:00 3781                           /lib64/libdbus-1.so.3.5.2
3cb5e00000-3cb73f4000 r-xp 00000000 fd:00 3932348                        /usr/lib64/nvidia/libnvidia-glcore.so.280.13
3cb73f4000-3cb75f3000 ---p 015f4000 fd:00 3932348                        /usr/lib64/nvidia/libnvidia-glcore.so.280.13
3cb75f3000-3cb7c32000 rwxp 015f3000 fd:00 3932348                        /usr/lib64/nvidia/libnvidia-glcore.so.280.13
3cb7c32000-3cb7c4c000 rwxp 00000000 00:00 0 
3cb7e00000-3cb7ec1000 r-xp 00000000 fd:00 3932450                        /usr/lib64/nvidia/libGL.so.280.13
3cb7ec1000-3cb80c0000 ---p 000c1000 fd:00 3932450                        /usr/lib64/nvidia/libGL.so.280.13
3cb80c0000-3cb80fb000 rwxp 000c0000 fd:00 3932450                        /usr/lib64/nvidia/libGL.so.280.13
3cb80fb000-3cb8111000 rwxp 00000000 00:00 0 
3cb8200000-3cb8203000 r-xp 00000000 fd:00 3932327                        /usr/lib64/nvidia/tls/libnvidia-tls.so.280.13
3cb8203000-3cb8402000 ---p 00003000 fd:00 3932327                        /usr/lib64/nvidia/tls/libnvidia-tls.so.280.13
3cb8402000-3cb8403000 rwxp 00002000 fd:00 3932327                        /usr/lib64/nvidia/tls/libnvidia-tls.so.280.13
7fa5a4000000-7fa5a4021000 rwxp 00000000 00:00 0 
7fa5a4021000-7fa5a8000000 ---p 00000000 00:00 0 
7fa5a8000000-7fa5a8021000 rwxp 00000000 00:00 0 
7fa5a8021000-7fa5ac000000 ---p 00000000 00:00 0 
7fa5ac000000-7fa5ac021000 rwxp 00000000 00:00 0 
7fa5ac021000-7fa5b0000000 ---p 00000000 00:00 0 
7fa5b0000000-7fa5b0021000 rwxp 00000000 00:00 0 
7fa5b0021000-7fa5b4000000 ---p 00000000 00:00 0 
7fa5b4000000-7fa5b4021000 rwxp 00000000 00:00 0 
7fa5b4021000-7fa5b8000000 ---p 00000000 00:00 0 
7fa5b8000000-7fa5b8021000 rwxp 00000000 00:00 0 
7fa5b8021000-7fa5bc000000 ---p 00000000 00:00 0 
7fa5bc000000-7fa5bc021000 rwxp 00000000 00:00 0 
7fa5bc021000-7fa5c0000000 ---p 00000000 00:00 0 
7fa5c3ef7000-7fa5c3efa000 ---p 00000000 00:00 0 
7fa5c3efa000-7fa5c3ff8000 rwxp 00000000 00:00 0 
7fa5c3ff8000-7fa5c3fff000 r-xs 00000000 fd:00 266697                     /usr/lib64/gconv/gconv-modules.cache
7fa5c3fff000-7fa5c8000000 rwxs 00000000 00:10 117817                     /dev/shm/pulse-shm-1320902619
7fa5c8000000-7fa5c8021000 rwxp 00000000 00:00 0 
7fa5c8021000-7fa5cc000000 ---p 00000000 00:00 0 
7fa5cc000000-7fa5cc650000 rwxp 00000000 00:00 0 
7fa5cc650000-7fa5d0000000 ---p 00000000 00:00 0 
7fa5d0000000-7fa5d0021000 rwxp 00000000 00:00 0 
7fa5d0021000-7fa5d4000000 ---p 00000000 00:00 0 
7fa5d4000000-7fa5d4021000 rwxp 00000000 00:00 0 
7fa5d4021000-7fa5d8000000 ---p 00000000 00:00 0 
7fa5d8000000-7fa5d8021000 rwxp 00000000 00:00 0 
7fa5d8021000-7fa5dc000000 ---p 00000000 00:00 0 
7fa5dc000000-7fa5dc021000 rwxp 00000000 00:00 0 
7fa5dc021000-7fa5e0000000 ---p 00000000 00:00 0 
7fa5e0000000-7fa5e026b000 rwxp 00000000 00:00 0 
7fa5e026b000-7fa5e4000000 ---p 00000000 00:00 0 
7fa5e4000000-7fa5e4299000 rwxp 00000000 00:00 0 
7fa5e4299000-7fa5e8000000 ---p 00000000 00:00 0 
7fa5e8000000-7fa5e8021000 rwxp 00000000 00:00 0 
7fa5e8021000-7fa5ec000000 ---p 00000000 00:00 0 
7fa5ec000000-7fa5ec021000 rwxp 00000000 00:00 0 
7fa5ec021000-7fa5f0000000 ---p 00000000 00:00 0 
7fa5f0000000-7fa5f0021000 rwxp 00000000 00:00 0 
7fa5f0021000-7fa5f4000000 ---p 00000000 00:00 0 
7fa5f4000000-7fa5f4021000 rwxp 00000000 00:00 0 
7fa5f4021000-7fa5f8000000 ---p 00000000 00:00 0 
7fa5f8000000-7fa5f8021000 rwxp 00000000 00:00 0 
7fa5f8021000-7fa5fc000000 ---p 00000000 00:00 0 
7fa5fc000000-7fa5fc021000 rwxp 00000000 00:00 0 
7fa5fc021000-7fa600000000 ---p 00000000 00:00 0 
7fa600000000-7fa600021000 rwxp 00000000 00:00 0 
7fa600021000-7fa604000000 ---p 00000000 00:00 0 
7fa604000000-7fa604021000 rwxp 00000000 00:00 0 
7fa604021000-7fa608000000 ---p 00000000 00:00 0 
7fa608000000-7fa608021000 rwxp 00000000 00:00 0 
7fa608021000-7fa60c000000 ---p 00000000 00:00 0 
7fa60c000000-7fa60c021000 rwxp 00000000 00:00 0 
7fa60c021000-7fa610000000 ---p 00000000 00:00 0 
7fa610000000-7fa610021000 rwxp 00000000 00:00 0 
7fa610021000-7fa614000000 ---p 00000000 00:00 0 
7fa61400f000-7fa614012000 ---p 00000000 00:00 0 
7fa614012000-7fa614110000 rwxp 00000000 00:00 0 
7fa614110000-7fa614113000 ---p 00000000 00:00 0 
7fa614113000-7fa614211000 rwxp 00000000 00:00 0 
7fa614211000-7fa6142a7000 rwxs 00000000 00:04 3178519                    /SYSV00000000 (deleted)
7fa6142a7000-7fa6142aa000 ---p 00000000 00:00 0 
7fa6142aa000-7fa6143a8000 rwxp 00000000 00:00 0 
7fa6143a8000-7fa6143a9000 r-xs 00006000 fd:00 1185360                    /opt/eclipse/plugins/org.hamcrest.core_1.1.0.v20090501071000.jar
7fa6143a9000-7fa6143af000 r-xs 00030000 fd:00 1185454                    /opt/eclipse/plugins/org.junit_4.8.1.v4_8_1_v20100427-1100/junit.jar
7fa6143af000-7fa6143c0000 r-xs 0006f000 fd:00 11931834                   /home/narfman0/workspace/crittercaptors/crittercaptors/libs/gdx-model-loaders.jar
7fa6143c0000-7fa6145c0000 rwxs 1918b2000 00:05 13605                     /dev/nvidia0
7fa6145c0000-7fa6146c0000 rwxs 191be3000 00:05 13605                     /dev/nvidia0
7fa6146c0000-7fa614700000 rwxs 1ed70a000 00:05 13605                     /dev/nvidia0
7fa614720000-7fa614760000 rwxs 1d3b75000 00:05 13605                     /dev/nvidia0
7fa614760000-7fa614763000 ---p 00000000 00:00 0 
7fa614763000-7fa614861000 rwxp 00000000 00:00 0 
7fa614861000-7fa614862000 ---p 00000000 00:00 0 
7fa614862000-7fa615062000 rwxp 00000000 00:00 0 
7fa615062000-7fa615063000 ---p 00000000 00:00 0 
7fa615063000-7fa615863000 rwxp 00000000 00:00 0 
7fa615863000-7fa6158af000 r-xp 00000000 fd:00 3928                       /tmp/libgdx/1206393098/libopenal64.so
7fa6158af000-7fa615aaf000 ---p 0004c000 fd:00 3928                       /tmp/libgdx/1206393098/libopenal64.so
7fa615aaf000-7fa615ab1000 r-xp 0004c000 fd:00 3928                       /tmp/libgdx/1206393098/libopenal64.so
7fa615ab1000-7fa615ab2000 rwxp 0004e000 fd:00 3928                       /tmp/libgdx/1206393098/libopenal64.so
7fa615ab2000-7fa615ab3000 rwxp 00000000 00:00 0 
7fa615ab3000-7fa615b19000 r-xp 00000000 fd:00 3929                       /tmp/libgdx/1206393098/liblwjgl64.so
7fa615b19000-7fa615d19000 ---p 00066000 fd:00 3929                       /tmp/libgdx/1206393098/liblwjgl64.so
7fa615d19000-7fa615d1b000 r-xp 00066000 fd:00 3929                       /tmp/libgdx/1206393098/liblwjgl64.so
7fa615d1b000-7fa615d1c000 rwxp 00068000 fd:00 3929                       /tmp/libgdx/1206393098/liblwjgl64.so
7fa615d1c000-7fa615e0b000 r-xp 00000000 fd:00 3927                       /tmp/libgdx/1206393098/libjogl-linux64.so
7fa615e0b000-7fa615f0b000 ---p 000ef000 fd:00 3927                       /tmp/libgdx/1206393098/libjogl-linux64.so
7fa615f0b000-7fa615f0c000 rwxp 000ef000 fd:00 3927                       /tmp/libgdx/1206393098/libjogl-linux64.so
7fa615f0c000-7fa615f0d000 r-xp 00000000 fd:00 7736289                    /usr/java/jdk1.6.0_26/jre/lib/amd64/libjawt.so
7fa615f0d000-7fa61600c000 ---p 00001000 fd:00 7736289                    /usr/java/jdk1.6.0_26/jre/lib/amd64/libjawt.so
7fa61600c000-7fa61600d000 rwxp 00000000 fd:00 7736289                    /usr/java/jdk1.6.0_26/jre/lib/amd64/libjawt.so
7fa61600d000-7fa61600f000 r-xp 00000000 fd:00 3926                       /tmp/libgdx/1206393098/libjogl_awt-linux64.so
7fa61600f000-7fa61610e000 ---p 00002000 fd:00 3926                       /tmp/libgdx/1206393098/libjogl_awt-linux64.so
7fa61610e000-7fa61610f000 rwxp 00001000 fd:00 3926                       /tmp/libgdx/1206393098/libjogl_awt-linux64.so
7fa61610f000-7fa616110000 r-xp 00000000 fd:00 3925                       /tmp/libgdx/1206393098/libgluegen-rt-linux64.so
7fa616110000-7fa61620f000 ---p 00001000 fd:00 3925                       /tmp/libgdx/1206393098/libgluegen-rt-linux64.so
7fa61620f000-7fa616210000 rwxp 00000000 fd:00 3925                       /tmp/libgdx/1206393098/libgluegen-rt-linux64.so
7fa616210000-7fa61628c000 r-xp 00000000 fd:00 3923                       /tmp/libgdx/1206393098/libgdx64.so
7fa61628c000-7fa61648b000 ---p 0007c000 fd:00 3923                       /tmp/libgdx/1206393098/libgdx64.so
7fa61648b000-7fa61648d000 r-xp 0007b000 fd:00 3923                       /tmp/libgdx/1206393098/libgdx64.so
7fa61648d000-7fa61648e000 rwxp 0007d000 fd:00 3923                       /tmp/libgdx/1206393098/libgdx64.so
7fa61648e000-7fa61648f000 rwxp 00000000 00:00 0 
7fa61648f000-7fa616492000 ---p 00000000 00:00 0 
7fa616492000-7fa616590000 rwxp 00000000 00:00 0 
7fa616590000-7fa616593000 ---p 00000000 00:00 0 
7fa616593000-7fa616691000 rwxp 00000000 00:00 0 
7fa616691000-7fa616694000 ---p 00000000 00:00 0 
7fa616694000-7fa616792000 rwxp 00000000 00:00 0 
7fa616792000-7fa616799000 r-xp 00000000 fd:00 7736300                    /usr/java/jdk1.6.0_26/jre/lib/amd64/libnio.so
7fa616799000-7fa616898000 ---p 00007000 fd:00 7736300                    /usr/java/jdk1.6.0_26/jre/lib/amd64/libnio.so
7fa616898000-7fa61689a000 rwxp 00006000 fd:00 7736300                    /usr/java/jdk1.6.0_26/jre/lib/amd64/libnio.so
7fa61689a000-7fa6168ad000 r-xp 00000000 fd:00 7736299                    /usr/java/jdk1.6.0_26/jre/lib/amd64/libnet.so
7fa6168ad000-7fa6169ae000 ---p 00013000 fd:00 7736299                    /usr/java/jdk1.6.0_26/jre/lib/amd64/libnet.so
7fa6169ae000-7fa6169b1000 rwxp 00014000 fd:00 7736299                    /usr/java/jdk1.6.0_26/jre/lib/amd64/libnet.so
7fa6169b1000-7fa6169b4000 ---p 00000000 00:00 0 
7fa6169b4000-7fa616ab2000 rwxp 00000000 00:00 0 
7fa616ab2000-7fa616b2b000 r-xp 00000000 fd:00 7736278                    /usr/java/jdk1.6.0_26/jre/lib/amd64/libfontmanager.so
7fa616b2b000-7fa616c2a000 ---p 00079000 fd:00 7736278                    /usr/java/jdk1.6.0_26/jre/lib/amd64/libfontmanager.so
7fa616c2a000-7fa616c3f000 rwxp 00078000 fd:00 7736278                    /usr/java/jdk1.6.0_26/jre/lib/amd64/libfontmanager.so
7fa616c3f000-7fa616c50000 rwxp 00000000 00:00 0 
7fa616c50000-7fa616c92000 r-xp 00000000 fd:00 7736318                    /usr/java/jdk1.6.0_26/jre/lib/amd64/xawt/libmawt.so
7fa616c92000-7fa616d91000 ---p 00042000 fd:00 7736318                    /usr/java/jdk1.6.0_26/jre/lib/amd64/xawt/libmawt.so
7fa616d91000-7fa616d9d000 rwxp 00041000 fd:00 7736318                    /usr/java/jdk1.6.0_26/jre/lib/amd64/xawt/libmawt.so
7fa616d9d000-7fa616d9e000 rwxp 00000000 00:00 0 
7fa616d9e000-7fa616e30000 r-xp 00000000 fd:00 7736273                    /usr/java/jdk1.6.0_26/jre/lib/amd64/libawt.so
7fa616e30000-7fa616f2f000 ---p 00092000 fd:00 7736273                    /usr/java/jdk1.6.0_26/jre/lib/amd64/libawt.so
7fa616f2f000-7fa616f49000 rwxp 00091000 fd:00 7736273                    /usr/java/jdk1.6.0_26/jre/lib/amd64/libawt.so
7fa616f49000-7fa616f6d000 rwxp 00000000 00:00 0 
7fa616f6d000-7fa616f6e000 ---p 00000000 00:00 0 
7fa616f6e000-7fa61706e000 rwxp 00000000 00:00 0 
7fa61706e000-7fa617071000 ---p 00000000 00:00 0 
7fa617071000-7fa6173df000 rwxp 00000000 00:00 0 
7fa6173df000-7fa61a16f000 rwxp 00000000 00:00 0 
7fa61a16f000-7fa620000000 r-xp 00000000 fd:00 266660                     /usr/lib/locale/locale-archive
7fa620000000-7fa6201db000 rwxp 00000000 00:00 0 
7fa6201db000-7fa624000000 ---p 00000000 00:00 0 
7fa624008000-7fa62400c000 rwxs 188863000 00:05 13605                     /dev/nvidia0
7fa62400c000-7fa62400d000 rwxs d0002000 00:05 13605                      /dev/nvidia0
7fa62400d000-7fa62402d000 rwxs 1ce2cc000 00:05 13605                     /dev/nvidia0
7fa62402d000-7fa624048000 rwxs 235420000 00:05 13605                     /dev/nvidia0
7fa624048000-7fa624081000 rwxp 00000000 00:00 0 
7fa624081000-7fa624084000 ---p 00000000 00:00 0 
7fa624084000-7fa624182000 rwxp 00000000 00:00 0 
7fa624182000-7fa624185000 ---p 00000000 00:00 0 
7fa624185000-7fa624283000 rwxp 00000000 00:00 0 
7fa624283000-7fa624286000 ---p 00000000 00:00 0 
7fa624286000-7fa624384000 rwxp 00000000 00:00 0 
7fa624384000-7fa624387000 ---p 00000000 00:00 0 
7fa624387000-7fa624485000 rwxp 00000000 00:00 0 
7fa624485000-7fa624488000 ---p 00000000 00:00 0 
7fa624488000-7fa624586000 rwxp 00000000 00:00 0 
7fa624586000-7fa624591000 r-xp 00000000 fd:00 2563                       /lib64/libnss_files-2.13.so
7fa624591000-7fa624790000 ---p 0000b000 fd:00 2563                       /lib64/libnss_files-2.13.so
7fa624790000-7fa624791000 r-xp 0000a000 fd:00 2563                       /lib64/libnss_files-2.13.so
7fa624791000-7fa624792000 rwxp 0000b000 fd:00 2563                       /lib64/libnss_files-2.13.so
7fa624792000-7fa624793000 rwxs 188862000 00:05 13605                     /dev/nvidia0
7fa624793000-7fa624797000 rwxs 1995fc000 00:05 13605                     /dev/nvidia0
7fa624797000-7fa624798000 rwxs fac08000 00:05 13605                      /dev/nvidia0
7fa624798000-7fa624799000 rwxs fac06000 00:05 13605                      /dev/nvidia0
7fa624799000-7fa62479a000 rwxs fa641000 00:05 13605                      /dev/nvidia0
7fa62479a000-7fa62479b000 rwxs 235704000 00:05 13605                     /dev/nvidia0
7fa62479b000-7fa62479c000 rwxs 1b1bf2000 00:05 13605                     /dev/nvidia0
7fa62479c000-7fa62479d000 rwxs fa060000 00:05 13605                      /dev/nvidia0
7fa62479d000-7fa62479f000 r-xs 00228000 fd:00 11931851                   /home/narfman0/workspace/crittercaptors/crittercaptors/libs/gdx-backend-jogl-natives.jar
7fa62479f000-7fa6247ad000 r-xs 000d2000 fd:00 11931850                   /home/narfman0/workspace/crittercaptors/crittercaptors/libs/gdx.jar
7fa6247ad000-7fa6247ae000 r-xs 0012e000 fd:00 11931849                   /home/narfman0/workspace/crittercaptors/crittercaptors/libs/gdx-natives.jar
7fa6247ae000-7fa6247b7000 r-xs 00099000 fd:00 11931835                   /home/narfman0/workspace/crittercaptors/crittercaptors/libs/gdx-sources.jar
7fa6247b7000-7fa6247ec000 r-xs 00000000 fd:00 5246479                    /var/db/nscd/hosts
7fa6247ec000-7fa6247ef000 r-xp 00000000 fd:00 7736277                    /usr/java/jdk1.6.0_26/jre/lib/amd64/libdt_socket.so
7fa6247ef000-7fa6248ee000 ---p 00003000 fd:00 7736277                    /usr/java/jdk1.6.0_26/jre/lib/amd64/libdt_socket.so
7fa6248ee000-7fa6248f0000 rwxp 00002000 fd:00 7736277                    /usr/java/jdk1.6.0_26/jre/lib/amd64/libdt_socket.so
7fa6248f0000-7fa6248f3000 ---p 00000000 00:00 0 
7fa6248f3000-7fa6249f1000 rwxp 00000000 00:00 0 
7fa6249f1000-7fa6249f4000 ---p 00000000 00:00 0 
7fa6249f4000-7fa624af2000 rwxp 00000000 00:00 0 
7fa624af2000-7fa624af5000 ---p 00000000 00:00 0 
7fa624af5000-7fa624bf3000 rwxp 00000000 00:00 0 
7fa624bf3000-7fa624bf4000 ---p 00000000 00:00 0 
7fa624bf4000-7fa62522d000 rwxp 00000000 00:00 0 
7fa62522d000-7fa6253c5000 r-xs 03029000 fd:00 7737694                    /usr/java/jdk1.6.0_26/jre/lib/rt.jar
7fa6253c5000-7fa6253ed000 rwxp 00000000 00:00 0 
7fa6253ed000-7fa6253ee000 ---p 00000000 00:00 0 
7fa6253ee000-7fa6254ee000 rwxp 00000000 00:00 0 
7fa6254ee000-7fa6254ef000 ---p 00000000 00:00 0 
7fa6254ef000-7fa6255ef000 rwxp 00000000 00:00 0 
7fa6255ef000-7fa6255f0000 ---p 00000000 00:00 0 
7fa6255f0000-7fa6256f0000 rwxp 00000000 00:00 0 
7fa6256f0000-7fa6256f1000 ---p 00000000 00:00 0 
7fa6256f1000-7fa6257fc000 rwxp 00000000 00:00 0 
7fa6257fc000-7fa62581a000 rwxp 00000000 00:00 0 
7fa62581a000-7fa625844000 rwxp 00000000 00:00 0 
7fa625844000-7fa625ab5000 rwxp 00000000 00:00 0 
7fa625ab5000-7fa625ac0000 rwxp 00000000 00:00 0 
7fa625ac0000-7fa625ade000 rwxp 00000000 00:00 0 
7fa625ade000-7fa625b08000 rwxp 00000000 00:00 0 
7fa625b08000-7fa625d78000 rwxp 00000000 00:00 0 
7fa625d78000-7fa625d8e000 rwxp 00000000 00:00 0 
7fa625d8e000-7fa625ec6000 rwxp 00000000 00:00 0 
7fa625ec6000-7fa625ed1000 rwxp 00000000 00:00 0 
7fa625ed1000-7fa625f87000 rwxp 00000000 00:00 0 
7fa625f87000-7fa625f95000 r-xp 00000000 fd:00 7736308                    /usr/java/jdk1.6.0_26/jre/lib/amd64/libzip.so
7fa625f95000-7fa626097000 ---p 0000e000 fd:00 7736308                    /usr/java/jdk1.6.0_26/jre/lib/amd64/libzip.so
7fa626097000-7fa62609a000 rwxp 00010000 fd:00 7736308                    /usr/java/jdk1.6.0_26/jre/lib/amd64/libzip.so
7fa62609a000-7fa62609b000 rwxp 00000000 00:00 0 
7fa62609b000-7fa6260d0000 r-xs 00000000 fd:00 5246476                    /var/db/nscd/passwd
7fa6260d0000-7fa6260d3000 r-xp 00000000 fd:00 7736302                    /usr/java/jdk1.6.0_26/jre/lib/amd64/libnpt.so
7fa6260d3000-7fa6261d2000 ---p 00003000 fd:00 7736302                    /usr/java/jdk1.6.0_26/jre/lib/amd64/libnpt.so
7fa6261d2000-7fa6261d3000 rwxp 00002000 fd:00 7736302                    /usr/java/jdk1.6.0_26/jre/lib/amd64/libnpt.so
7fa6261d3000-7fa626209000 r-xp 00000000 fd:00 7736290                    /usr/java/jdk1.6.0_26/jre/lib/amd64/libjdwp.so
7fa626209000-7fa626308000 ---p 00036000 fd:00 7736290                    /usr/java/jdk1.6.0_26/jre/lib/amd64/libjdwp.so
7fa626308000-7fa626312000 rwxp 00035000 fd:00 7736290                    /usr/java/jdk1.6.0_26/jre/lib/amd64/libjdwp.so
7fa626312000-7fa62633b000 r-xp 00000000 fd:00 7736286                    /usr/java/jdk1.6.0_26/jre/lib/amd64/libjava.so
7fa62633b000-7fa62643a000 ---p 00029000 fd:00 7736286                    /usr/java/jdk1.6.0_26/jre/lib/amd64/libjava.so
7fa62643a000-7fa626441000 rwxp 00028000 fd:00 7736286                    /usr/java/jdk1.6.0_26/jre/lib/amd64/libjava.so
7fa626441000-7fa62644e000 r-xp 00000000 fd:00 7736307                    /usr/java/jdk1.6.0_26/jre/lib/amd64/libverify.so
7fa62644e000-7fa62654d000 ---p 0000d000 fd:00 7736307                    /usr/java/jdk1.6.0_26/jre/lib/amd64/libverify.so
7fa62654d000-7fa626550000 rwxp 0000c000 fd:00 7736307                    /usr/java/jdk1.6.0_26/jre/lib/amd64/libverify.so
7fa626550000-7fa626553000 ---p 00000000 00:00 0 
7fa626553000-7fa626651000 rwxp 00000000 00:00 0 
7fa626651000-7fa626f6b000 r-xp 00000000 fd:00 7736316                    /usr/java/jdk1.6.0_26/jre/lib/amd64/server/libjvm.so
7fa626f6b000-7fa62706d000 ---p 0091a000 fd:00 7736316                    /usr/java/jdk1.6.0_26/jre/lib/amd64/server/libjvm.so
7fa62706d000-7fa627222000 rwxp 0091c000 fd:00 7736316                    /usr/java/jdk1.6.0_26/jre/lib/amd64/server/libjvm.so
7fa627222000-7fa62725f000 rwxp 00000000 00:00 0 
7fa62725f000-7fa627266000 r-xp 00000000 fd:00 7736269                    /usr/java/jdk1.6.0_26/jre/lib/amd64/jli/libjli.so
7fa627266000-7fa627367000 ---p 00007000 fd:00 7736269                    /usr/java/jdk1.6.0_26/jre/lib/amd64/jli/libjli.so
7fa627367000-7fa627369000 rwxp 00008000 fd:00 7736269                    /usr/java/jdk1.6.0_26/jre/lib/amd64/jli/libjli.so
7fa627369000-7fa62736a000 rwxp 00000000 00:00 0 
7fa62736a000-7fa627385000 r-xs 00214000 fd:00 11931848                   /home/narfman0/workspace/crittercaptors/crittercaptors/libs/gdx-backend-jogl.jar
7fa627385000-7fa62738d000 rwxs 00000000 fd:00 132                        /tmp/hsperfdata_narfman0/10401
7fa62738d000-7fa62738e000 rwxp 00000000 00:00 0 
7fa62738e000-7fa62738f000 r-xp 00000000 00:00 0 
7fa62738f000-7fa627390000 rwxp 00000000 00:00 0 
7fff82fdd000-7fff82ffe000 rwxp 00000000 00:00 0                          [stack]
7fff82fff000-7fff83000000 r-xp 00000000 00:00 0                          [vdso]
ffffffffff600000-ffffffffff601000 r-xp 00000000 00:00 0                  [vsyscall]

VM Arguments:
jvm_args: -agentlib:jdwp=transport=dt_socket,suspend=y,address=localhost:35834 -Dfile.encoding=UTF-8 
java_command: com.blastedstudios.crittercaptors.CritterCaptorsDesktop
Launcher Type: SUN_STANDARD

Environment Variables:
JAVA_HOME=/usr/java/default
PATH=/usr/lib64/qt-3.3/bin:/usr/lib64/ccache:/usr/local/bin:/usr/bin:/bin:/usr/local/sbin:/usr/sbin:/sbin:/home/narfman0/bin:/usr/lib64/openmotif/:/usr/local/ps3dev/bin:/usr/local/ps3dev/ppu/bin:/usr/local/ps3dev/spu/bin
USERNAME=narfman0
LD_LIBRARY_PATH=/usr/java/jdk1.6.0_26/jre/lib/amd64/server:/usr/java/jdk1.6.0_26/jre/lib/amd64:/usr/java/jdk1.6.0_26/jre/../lib/amd64
SHELL=/bin/bash
DISPLAY=:0.0

Signal Handlers:
SIGSEGV: [libjvm.so+0x85f800], sa_mask[0]=0x7ffbfeff, sa_flags=0x10000004
SIGBUS: [libjvm.so+0x85f800], sa_mask[0]=0x7ffbfeff, sa_flags=0x10000004
SIGFPE: [libjvm.so+0x70e300], sa_mask[0]=0x7ffbfeff, sa_flags=0x10000004
SIGPIPE: [libjvm.so+0x70e300], sa_mask[0]=0x7ffbfeff, sa_flags=0x10000004
SIGXFSZ: [libjvm.so+0x70e300], sa_mask[0]=0x7ffbfeff, sa_flags=0x10000004
SIGILL: [libjvm.so+0x70e300], sa_mask[0]=0x7ffbfeff, sa_flags=0x10000004
SIGUSR1: SIG_DFL, sa_mask[0]=0x00000000, sa_flags=0x00000000
SIGUSR2: [libjvm.so+0x711110], sa_mask[0]=0x00000004, sa_flags=0x10000004
SIGHUP: [libjvm.so+0x710d10], sa_mask[0]=0x7ffbfeff, sa_flags=0x10000004
SIGINT: [libjvm.so+0x710d10], sa_mask[0]=0x7ffbfeff, sa_flags=0x10000004
SIGTERM: [libjvm.so+0x710d10], sa_mask[0]=0x7ffbfeff, sa_flags=0x10000004
SIGQUIT: [libjvm.so+0x710d10], sa_mask[0]=0x7ffbfeff, sa_flags=0x10000004


---------------  S Y S T E M  ---------------

OS:Fedora release 14 (Laughlin)

uname:Linux 2.6.35.14-106.fc14.x86_64 #1 SMP Wed Nov 23 13:07:52 UTC 2011 x86_64
libc:glibc 2.13 NPTL 2.13 
rlimit: STACK 8192k, CORE 0k, NPROC 1024, NOFILE 1024, AS infinity
load average:0.00 0.02 0.09

/proc/meminfo:
MemTotal:        8186032 kB
MemFree:         4568960 kB
Buffers:          217328 kB
Cached:          1561528 kB
SwapCached:            0 kB
Active:          1659804 kB
Inactive:        1376816 kB
Active(anon):    1258232 kB
Inactive(anon):    14632 kB
Active(file):     401572 kB
Inactive(file):  1362184 kB
Unevictable:           0 kB
Mlocked:               0 kB
SwapTotal:       6160380 kB
SwapFree:        6160380 kB
Dirty:               312 kB
Writeback:             0 kB
AnonPages:       1257784 kB
Mapped:           136432 kB
Shmem:             15104 kB
Slab:             295104 kB
SReclaimable:     260940 kB
SUnreclaim:        34164 kB
KernelStack:        3872 kB
PageTables:        39592 kB
NFS_Unstable:          0 kB
Bounce:                0 kB
WritebackTmp:          0 kB
CommitLimit:    10253396 kB
Committed_AS:    2425076 kB
VmallocTotal:   34359738367 kB
VmallocUsed:      361396 kB
VmallocChunk:   34359359484 kB
HardwareCorrupted:     0 kB
HugePages_Total:       0
HugePages_Free:        0
HugePages_Rsvd:        0
HugePages_Surp:        0
Hugepagesize:       2048 kB
DirectMap4k:      118208 kB
DirectMap2M:     8261632 kB


CPU:total 4 (4 cores per cpu, 1 threads per core) family 6 model 30 stepping 5, cmov, cx8, fxsr, mmx, sse, sse2, sse3, ssse3, sse4.1, sse4.2, popcnt

/proc/cpuinfo:
processor	: 0
vendor_id	: GenuineIntel
cpu family	: 6
model		: 30
model name	: Intel(R) Core(TM) i5 CPU         750  @ 2.67GHz
stepping	: 5
cpu MHz		: 1467.000
cache size	: 8192 KB
physical id	: 0
siblings	: 4
core id		: 0
cpu cores	: 4
apicid		: 0
initial apicid	: 0
fpu		: yes
fpu_exception	: yes
cpuid level	: 11
wp		: yes
flags		: fpu vme de pse tsc msr pae mce cx8 apic sep mtrr pge mca cmov pat pse36 clflush dts acpi mmx fxsr sse sse2 ss ht tm pbe syscall nx rdtscp lm constant_tsc arch_perfmon pebs bts rep_good xtopology nonstop_tsc aperfmperf pni dtes64 monitor ds_cpl vmx smx est tm2 ssse3 cx16 xtpr pdcm sse4_1 sse4_2 popcnt lahf_lm ida tpr_shadow vnmi flexpriority ept vpid
bogomips	: 5333.40
clflush size	: 64
cache_alignment	: 64
address sizes	: 36 bits physical, 48 bits virtual
power management:

processor	: 1
vendor_id	: GenuineIntel
cpu family	: 6
model		: 30
model name	: Intel(R) Core(TM) i5 CPU         750  @ 2.67GHz
stepping	: 5
cpu MHz		: 2668.000
cache size	: 8192 KB
physical id	: 0
siblings	: 4
core id		: 1
cpu cores	: 4
apicid		: 2
initial apicid	: 2
fpu		: yes
fpu_exception	: yes
cpuid level	: 11
wp		: yes
flags		: fpu vme de pse tsc msr pae mce cx8 apic sep mtrr pge mca cmov pat pse36 clflush dts acpi mmx fxsr sse sse2 ss ht tm pbe syscall nx rdtscp lm constant_tsc arch_perfmon pebs bts rep_good xtopology nonstop_tsc aperfmperf pni dtes64 monitor ds_cpl vmx smx est tm2 ssse3 cx16 xtpr pdcm sse4_1 sse4_2 popcnt lahf_lm ida tpr_shadow vnmi flexpriority ept vpid
bogomips	: 5332.52
clflush size	: 64
cache_alignment	: 64
address sizes	: 36 bits physical, 48 bits virtual
power management:

processor	: 2
vendor_id	: GenuineIntel
cpu family	: 6
model		: 30
model name	: Intel(R) Core(TM) i5 CPU         750  @ 2.67GHz
stepping	: 5
cpu MHz		: 1200.000
cache size	: 8192 KB
physical id	: 0
siblings	: 4
core id		: 2
cpu cores	: 4
apicid		: 4
initial apicid	: 4
fpu		: yes
fpu_exception	: yes
cpuid level	: 11
wp		: yes
flags		: fpu vme de pse tsc msr pae mce cx8 apic sep mtrr pge mca cmov pat pse36 clflush dts acpi mmx fxsr sse sse2 ss ht tm pbe syscall nx rdtscp lm constant_tsc arch_perfmon pebs bts rep_good xtopology nonstop_tsc aperfmperf pni dtes64 monitor ds_cpl vmx smx est tm2 ssse3 cx16 xtpr pdcm sse4_1 sse4_2 popcnt lahf_lm ida tpr_shadow vnmi flexpriority ept vpid
bogomips	: 5332.52
clflush size	: 64
cache_alignment	: 64
address sizes	: 36 bits physical, 48 bits virtual
power management:

processor	: 3
vendor_id	: GenuineIntel
cpu family	: 6
model		: 30
model name	: Intel(R) Core(TM) i5 CPU         750  @ 2.67GHz
stepping	: 5
cpu MHz		: 1200.000
cache size	: 8192 KB
physical id	: 0
siblings	: 4
core id		: 3
cpu cores	: 4
apicid		: 6
initial apicid	: 6
fpu		: yes
fpu_exception	: yes
cpuid level	: 11
wp		: yes
flags		: fpu vme de pse tsc msr pae mce cx8 apic sep mtrr pge mca cmov pat pse36 clflush dts acpi mmx fxsr sse sse2 ss ht tm pbe syscall nx rdtscp lm constant_tsc arch_perfmon pebs bts rep_good xtopology nonstop_tsc aperfmperf pni dtes64 monitor ds_cpl vmx smx est tm2 ssse3 cx16 xtpr pdcm sse4_1 sse4_2 popcnt lahf_lm ida tpr_shadow vnmi flexpriority ept vpid
bogomips	: 5332.51
clflush size	: 64
cache_alignment	: 64
address sizes	: 36 bits physical, 48 bits virtual
power management:



Memory: 4k page, physical 8186032k(4568960k free), swap 6160380k(6160380k free)

vm_info: Java HotSpot(TM) 64-Bit Server VM (20.1-b02) for linux-amd64 JRE (1.6.0_26-b03), built on May  4 2011 01:13:47 by "java_re" with gcc 3.2.2 (SuSE Linux)

time: Sat Jan 21 17:07:28 2012
elapsed time: 13 seconds

